{"/Users/cleyton.gama/workspace/app-diaper-market/dist/src/checkout/application/dto/GetOrderDTO.js": {"path":"/Users/cleyton.gama/workspace/app-diaper-market/dist/src/checkout/application/dto/GetOrderDTO.js","statementMap":{"0":{"start":{"line":2,"column":0},"end":{"line":2,"column":62}},"1":{"start":{"line":3,"column":0},"end":{"line":3,"column":29}},"2":{"start":{"line":5,"column":0},"end":{"line":19,"column":68}},"3":{"start":{"line":9,"column":4},"end":{"line":9,"column":30}},"4":{"start":{"line":12,"column":12},"end":{"line":12,"column":29}},"5":{"start":{"line":13,"column":12},"end":{"line":13,"column":27}},"6":{"start":{"line":14,"column":12},"end":{"line":14,"column":31}},"7":{"start":{"line":15,"column":12},"end":{"line":15,"column":31}},"8":{"start":{"line":18,"column":4},"end":{"line":18,"column":32}}},"fnMap":{"0":{"name":"(anonymous_0)","decl":{"start":{"line":5,"column":1},"end":{"line":5,"column":2}},"loc":{"start":{"line":5,"column":24},"end":{"line":19,"column":1}},"line":5},"1":{"name":"(anonymous_1)","decl":{"start":{"line":7,"column":8},"end":{"line":7,"column":9}},"loc":{"start":{"line":7,"column":22},"end":{"line":7,"column":25}},"line":7},"2":{"name":"(anonymous_2)","decl":{"start":{"line":11,"column":8},"end":{"line":11,"column":9}},"loc":{"start":{"line":11,"column":49},"end":{"line":16,"column":9}},"line":11}},"branchMap":{"0":{"loc":{"start":{"line":19,"column":17},"end":{"line":19,"column":66}},"type":"binary-expr","locations":[{"start":{"line":19,"column":17},"end":{"line":19,"column":36}},{"start":{"line":19,"column":41},"end":{"line":19,"column":65}}],"line":19}},"s":{"0":2,"1":2,"2":2,"3":2,"4":59,"5":59,"6":59,"7":59,"8":2},"f":{"0":2,"1":0,"2":59},"b":{"0":[2,2]},"_coverageSchema":"1a1c01bbd47fc00a2c39e90264f33305004495a9","hash":"a97b2f1927bc749c95371a717f4f504a7054968c"}
,"/Users/cleyton.gama/workspace/app-diaper-market/dist/src/checkout/application/dto/GetOrdersDTO.js": {"path":"/Users/cleyton.gama/workspace/app-diaper-market/dist/src/checkout/application/dto/GetOrdersDTO.js","statementMap":{"0":{"start":{"line":2,"column":0},"end":{"line":2,"column":62}},"1":{"start":{"line":3,"column":0},"end":{"line":3,"column":29}},"2":{"start":{"line":5,"column":0},"end":{"line":14,"column":68}},"3":{"start":{"line":9,"column":4},"end":{"line":9,"column":30}},"4":{"start":{"line":13,"column":4},"end":{"line":13,"column":32}}},"fnMap":{"0":{"name":"(anonymous_0)","decl":{"start":{"line":5,"column":1},"end":{"line":5,"column":2}},"loc":{"start":{"line":5,"column":24},"end":{"line":14,"column":1}},"line":5},"1":{"name":"(anonymous_1)","decl":{"start":{"line":7,"column":8},"end":{"line":7,"column":9}},"loc":{"start":{"line":7,"column":22},"end":{"line":7,"column":25}},"line":7},"2":{"name":"(anonymous_2)","decl":{"start":{"line":11,"column":8},"end":{"line":11,"column":9}},"loc":{"start":{"line":11,"column":42},"end":{"line":11,"column":45}},"line":11}},"branchMap":{"0":{"loc":{"start":{"line":14,"column":17},"end":{"line":14,"column":66}},"type":"binary-expr","locations":[{"start":{"line":14,"column":17},"end":{"line":14,"column":36}},{"start":{"line":14,"column":41},"end":{"line":14,"column":65}}],"line":14}},"s":{"0":0,"1":0,"2":0,"3":0,"4":0},"f":{"0":0,"1":0,"2":0},"b":{"0":[0,0]}}
,"/Users/cleyton.gama/workspace/app-diaper-market/dist/src/checkout/application/dto/OrderDTO.js": {"path":"/Users/cleyton.gama/workspace/app-diaper-market/dist/src/checkout/application/dto/OrderDTO.js","statementMap":{"0":{"start":{"line":2,"column":0},"end":{"line":2,"column":62}},"1":{"start":{"line":3,"column":0},"end":{"line":3,"column":26}},"2":{"start":{"line":5,"column":0},"end":{"line":16,"column":59}},"3":{"start":{"line":8,"column":12},"end":{"line":8,"column":25}},"4":{"start":{"line":9,"column":12},"end":{"line":9,"column":29}},"5":{"start":{"line":10,"column":12},"end":{"line":10,"column":27}},"6":{"start":{"line":11,"column":12},"end":{"line":11,"column":35}},"7":{"start":{"line":12,"column":12},"end":{"line":12,"column":31}},"8":{"start":{"line":15,"column":4},"end":{"line":15,"column":29}}},"fnMap":{"0":{"name":"(anonymous_0)","decl":{"start":{"line":5,"column":1},"end":{"line":5,"column":2}},"loc":{"start":{"line":5,"column":21},"end":{"line":16,"column":1}},"line":5},"1":{"name":"(anonymous_1)","decl":{"start":{"line":7,"column":8},"end":{"line":7,"column":9}},"loc":{"start":{"line":7,"column":51},"end":{"line":13,"column":9}},"line":7}},"branchMap":{"0":{"loc":{"start":{"line":16,"column":14},"end":{"line":16,"column":57}},"type":"binary-expr","locations":[{"start":{"line":16,"column":14},"end":{"line":16,"column":30}},{"start":{"line":16,"column":35},"end":{"line":16,"column":56}}],"line":16}},"s":{"0":0,"1":0,"2":0,"3":0,"4":0,"5":0,"6":0,"7":0,"8":0},"f":{"0":0,"1":0},"b":{"0":[0,0]}}
,"/Users/cleyton.gama/workspace/app-diaper-market/dist/src/checkout/application/dto/OrderItemDTO.js": {"path":"/Users/cleyton.gama/workspace/app-diaper-market/dist/src/checkout/application/dto/OrderItemDTO.js","statementMap":{"0":{"start":{"line":2,"column":0},"end":{"line":2,"column":62}},"1":{"start":{"line":3,"column":0},"end":{"line":3,"column":30}},"2":{"start":{"line":5,"column":0},"end":{"line":14,"column":71}},"3":{"start":{"line":8,"column":12},"end":{"line":8,"column":43}},"4":{"start":{"line":9,"column":12},"end":{"line":9,"column":37}},"5":{"start":{"line":10,"column":12},"end":{"line":10,"column":31}},"6":{"start":{"line":13,"column":4},"end":{"line":13,"column":33}}},"fnMap":{"0":{"name":"(anonymous_0)","decl":{"start":{"line":5,"column":1},"end":{"line":5,"column":2}},"loc":{"start":{"line":5,"column":25},"end":{"line":14,"column":1}},"line":5},"1":{"name":"(anonymous_1)","decl":{"start":{"line":7,"column":8},"end":{"line":7,"column":9}},"loc":{"start":{"line":7,"column":50},"end":{"line":11,"column":9}},"line":7}},"branchMap":{"0":{"loc":{"start":{"line":14,"column":18},"end":{"line":14,"column":69}},"type":"binary-expr","locations":[{"start":{"line":14,"column":18},"end":{"line":14,"column":38}},{"start":{"line":14,"column":43},"end":{"line":14,"column":68}}],"line":14}},"s":{"0":0,"1":0,"2":0,"3":0,"4":0,"5":0,"6":0},"f":{"0":0,"1":0},"b":{"0":[0,0]}}
,"/Users/cleyton.gama/workspace/app-diaper-market/dist/src/checkout/application/dto/PlaceOrderDTO.js": {"path":"/Users/cleyton.gama/workspace/app-diaper-market/dist/src/checkout/application/dto/PlaceOrderDTO.js","statementMap":{"0":{"start":{"line":2,"column":0},"end":{"line":2,"column":62}},"1":{"start":{"line":3,"column":0},"end":{"line":3,"column":31}},"2":{"start":{"line":5,"column":0},"end":{"line":22,"column":74}},"3":{"start":{"line":8,"column":12},"end":{"line":8,"column":27}},"4":{"start":{"line":9,"column":12},"end":{"line":9,"column":39}},"5":{"start":{"line":10,"column":12},"end":{"line":10,"column":41}},"6":{"start":{"line":11,"column":12},"end":{"line":11,"column":33}},"7":{"start":{"line":14,"column":4},"end":{"line":14,"column":32}},"8":{"start":{"line":17,"column":12},"end":{"line":17,"column":29}},"9":{"start":{"line":18,"column":12},"end":{"line":18,"column":31}},"10":{"start":{"line":21,"column":4},"end":{"line":21,"column":34}}},"fnMap":{"0":{"name":"(anonymous_0)","decl":{"start":{"line":5,"column":1},"end":{"line":5,"column":2}},"loc":{"start":{"line":5,"column":26},"end":{"line":22,"column":1}},"line":5},"1":{"name":"(anonymous_1)","decl":{"start":{"line":7,"column":8},"end":{"line":7,"column":9}},"loc":{"start":{"line":7,"column":56},"end":{"line":12,"column":9}},"line":7},"2":{"name":"(anonymous_2)","decl":{"start":{"line":16,"column":8},"end":{"line":16,"column":9}},"loc":{"start":{"line":16,"column":33},"end":{"line":19,"column":9}},"line":16}},"branchMap":{"0":{"loc":{"start":{"line":22,"column":19},"end":{"line":22,"column":72}},"type":"binary-expr","locations":[{"start":{"line":22,"column":19},"end":{"line":22,"column":40}},{"start":{"line":22,"column":45},"end":{"line":22,"column":71}}],"line":22}},"s":{"0":4,"1":4,"2":4,"3":4,"4":4,"5":4,"6":4,"7":4,"8":4,"9":4,"10":4},"f":{"0":4,"1":4,"2":4},"b":{"0":[4,4]},"_coverageSchema":"1a1c01bbd47fc00a2c39e90264f33305004495a9","hash":"e302e2f1dae6e69b2d031d44bf1cec50d3a574cd"}
,"/Users/cleyton.gama/workspace/app-diaper-market/dist/src/checkout/application/dto/SimulateFreightDTO.js": {"path":"/Users/cleyton.gama/workspace/app-diaper-market/dist/src/checkout/application/dto/SimulateFreightDTO.js","statementMap":{"0":{"start":{"line":2,"column":0},"end":{"line":2,"column":62}},"1":{"start":{"line":3,"column":0},"end":{"line":3,"column":36}},"2":{"start":{"line":5,"column":0},"end":{"line":17,"column":89}},"3":{"start":{"line":8,"column":12},"end":{"line":8,"column":31}},"4":{"start":{"line":11,"column":4},"end":{"line":11,"column":37}},"5":{"start":{"line":16,"column":4},"end":{"line":16,"column":39}}},"fnMap":{"0":{"name":"(anonymous_0)","decl":{"start":{"line":5,"column":1},"end":{"line":5,"column":2}},"loc":{"start":{"line":5,"column":31},"end":{"line":17,"column":1}},"line":5},"1":{"name":"(anonymous_1)","decl":{"start":{"line":7,"column":8},"end":{"line":7,"column":9}},"loc":{"start":{"line":7,"column":27},"end":{"line":9,"column":9}},"line":7},"2":{"name":"(anonymous_2)","decl":{"start":{"line":13,"column":8},"end":{"line":13,"column":9}},"loc":{"start":{"line":13,"column":22},"end":{"line":14,"column":9}},"line":13}},"branchMap":{"0":{"loc":{"start":{"line":17,"column":24},"end":{"line":17,"column":87}},"type":"binary-expr","locations":[{"start":{"line":17,"column":24},"end":{"line":17,"column":50}},{"start":{"line":17,"column":55},"end":{"line":17,"column":86}}],"line":17}},"s":{"0":1,"1":1,"2":1,"3":1,"4":1,"5":1},"f":{"0":1,"1":1,"2":0},"b":{"0":[1,1]},"_coverageSchema":"1a1c01bbd47fc00a2c39e90264f33305004495a9","hash":"85cdba8a75afb14db76a1bab5d38bc2f1ecb3711"}
,"/Users/cleyton.gama/workspace/app-diaper-market/dist/src/checkout/application/dto/ValidateCouponDTO.js": {"path":"/Users/cleyton.gama/workspace/app-diaper-market/dist/src/checkout/application/dto/ValidateCouponDTO.js","statementMap":{"0":{"start":{"line":2,"column":0},"end":{"line":2,"column":62}},"1":{"start":{"line":3,"column":0},"end":{"line":3,"column":35}},"2":{"start":{"line":5,"column":0},"end":{"line":13,"column":86}},"3":{"start":{"line":8,"column":12},"end":{"line":8,"column":33}},"4":{"start":{"line":9,"column":12},"end":{"line":9,"column":29}},"5":{"start":{"line":12,"column":4},"end":{"line":12,"column":36}}},"fnMap":{"0":{"name":"(anonymous_0)","decl":{"start":{"line":5,"column":1},"end":{"line":5,"column":2}},"loc":{"start":{"line":5,"column":30},"end":{"line":13,"column":1}},"line":5},"1":{"name":"(anonymous_1)","decl":{"start":{"line":7,"column":8},"end":{"line":7,"column":9}},"loc":{"start":{"line":7,"column":34},"end":{"line":10,"column":9}},"line":7}},"branchMap":{"0":{"loc":{"start":{"line":13,"column":23},"end":{"line":13,"column":84}},"type":"binary-expr","locations":[{"start":{"line":13,"column":23},"end":{"line":13,"column":48}},{"start":{"line":13,"column":53},"end":{"line":13,"column":83}}],"line":13}},"s":{"0":0,"1":0,"2":0,"3":0,"4":0,"5":0},"f":{"0":0,"1":0},"b":{"0":[0,0]}}
,"/Users/cleyton.gama/workspace/app-diaper-market/dist/src/checkout/application/query/GetOrder.js": {"path":"/Users/cleyton.gama/workspace/app-diaper-market/dist/src/checkout/application/query/GetOrder.js","statementMap":{"0":{"start":{"line":2,"column":16},"end":{"line":10,"column":1}},"1":{"start":{"line":3,"column":28},"end":{"line":3,"column":110}},"2":{"start":{"line":3,"column":91},"end":{"line":3,"column":106}},"3":{"start":{"line":4,"column":4},"end":{"line":9,"column":7}},"4":{"start":{"line":5,"column":36},"end":{"line":5,"column":97}},"5":{"start":{"line":5,"column":42},"end":{"line":5,"column":70}},"6":{"start":{"line":5,"column":85},"end":{"line":5,"column":95}},"7":{"start":{"line":6,"column":35},"end":{"line":6,"column":100}},"8":{"start":{"line":6,"column":41},"end":{"line":6,"column":73}},"9":{"start":{"line":6,"column":88},"end":{"line":6,"column":98}},"10":{"start":{"line":7,"column":32},"end":{"line":7,"column":116}},"11":{"start":{"line":8,"column":8},"end":{"line":8,"column":78}},"12":{"start":{"line":11,"column":0},"end":{"line":11,"column":62}},"13":{"start":{"line":12,"column":22},"end":{"line":12,"column":51}},"14":{"start":{"line":15,"column":8},"end":{"line":15,"column":33}},"15":{"start":{"line":18,"column":8},"end":{"line":29,"column":11}},"16":{"start":{"line":19,"column":30},"end":{"line":19,"column":64}},"17":{"start":{"line":20,"column":35},"end":{"line":20,"column":82}},"18":{"start":{"line":21,"column":35},"end":{"line":27,"column":14}},"19":{"start":{"line":28,"column":12},"end":{"line":28,"column":34}},"20":{"start":{"line":32,"column":0},"end":{"line":32,"column":27}}},"fnMap":{"0":{"name":"(anonymous_0)","decl":{"start":{"line":2,"column":44},"end":{"line":2,"column":45}},"loc":{"start":{"line":2,"column":89},"end":{"line":10,"column":1}},"line":2},"1":{"name":"adopt","decl":{"start":{"line":3,"column":13},"end":{"line":3,"column":18}},"loc":{"start":{"line":3,"column":26},"end":{"line":3,"column":112}},"line":3},"2":{"name":"(anonymous_2)","decl":{"start":{"line":3,"column":70},"end":{"line":3,"column":71}},"loc":{"start":{"line":3,"column":89},"end":{"line":3,"column":108}},"line":3},"3":{"name":"(anonymous_3)","decl":{"start":{"line":4,"column":36},"end":{"line":4,"column":37}},"loc":{"start":{"line":4,"column":63},"end":{"line":9,"column":5}},"line":4},"4":{"name":"fulfilled","decl":{"start":{"line":5,"column":17},"end":{"line":5,"column":26}},"loc":{"start":{"line":5,"column":34},"end":{"line":5,"column":99}},"line":5},"5":{"name":"rejected","decl":{"start":{"line":6,"column":17},"end":{"line":6,"column":25}},"loc":{"start":{"line":6,"column":33},"end":{"line":6,"column":102}},"line":6},"6":{"name":"step","decl":{"start":{"line":7,"column":17},"end":{"line":7,"column":21}},"loc":{"start":{"line":7,"column":30},"end":{"line":7,"column":118}},"line":7},"7":{"name":"(anonymous_7)","decl":{"start":{"line":14,"column":4},"end":{"line":14,"column":5}},"loc":{"start":{"line":14,"column":26},"end":{"line":16,"column":5}},"line":14},"8":{"name":"(anonymous_8)","decl":{"start":{"line":17,"column":4},"end":{"line":17,"column":5}},"loc":{"start":{"line":17,"column":18},"end":{"line":30,"column":5}},"line":17},"9":{"name":"(anonymous_9)","decl":{"start":{"line":18,"column":47},"end":{"line":18,"column":48}},"loc":{"start":{"line":18,"column":60},"end":{"line":29,"column":9}},"line":18}},"branchMap":{"0":{"loc":{"start":{"line":2,"column":16},"end":{"line":10,"column":1}},"type":"binary-expr","locations":[{"start":{"line":2,"column":17},"end":{"line":2,"column":21}},{"start":{"line":2,"column":25},"end":{"line":2,"column":39}},{"start":{"line":2,"column":44},"end":{"line":10,"column":1}}],"line":2},"1":{"loc":{"start":{"line":3,"column":35},"end":{"line":3,"column":109}},"type":"cond-expr","locations":[{"start":{"line":3,"column":56},"end":{"line":3,"column":61}},{"start":{"line":3,"column":64},"end":{"line":3,"column":109}}],"line":3},"2":{"loc":{"start":{"line":4,"column":16},"end":{"line":4,"column":34}},"type":"binary-expr","locations":[{"start":{"line":4,"column":16},"end":{"line":4,"column":17}},{"start":{"line":4,"column":22},"end":{"line":4,"column":33}}],"line":4},"3":{"loc":{"start":{"line":7,"column":32},"end":{"line":7,"column":115}},"type":"cond-expr","locations":[{"start":{"line":7,"column":46},"end":{"line":7,"column":67}},{"start":{"line":7,"column":70},"end":{"line":7,"column":115}}],"line":7},"4":{"loc":{"start":{"line":8,"column":51},"end":{"line":8,"column":67}},"type":"binary-expr","locations":[{"start":{"line":8,"column":51},"end":{"line":8,"column":61}},{"start":{"line":8,"column":65},"end":{"line":8,"column":67}}],"line":8}},"s":{"0":1,"1":2,"2":0,"3":1,"4":2,"5":2,"6":0,"7":0,"8":0,"9":0,"10":3,"11":1,"12":1,"13":1,"14":1,"15":1,"16":1,"17":1,"18":1,"19":1,"20":1},"f":{"0":1,"1":2,"2":0,"3":1,"4":2,"5":0,"6":3,"7":1,"8":1,"9":1},"b":{"0":[1,1,1],"1":[2,0],"2":[1,1],"3":[1,2],"4":[1,1]},"_coverageSchema":"1a1c01bbd47fc00a2c39e90264f33305004495a9","hash":"3899367cc383d3ed40ea39973d2602816f2aaf40"}
,"/Users/cleyton.gama/workspace/app-diaper-market/dist/src/checkout/application/query/GetOrders.js": {"path":"/Users/cleyton.gama/workspace/app-diaper-market/dist/src/checkout/application/query/GetOrders.js","statementMap":{"0":{"start":{"line":2,"column":16},"end":{"line":10,"column":1}},"1":{"start":{"line":3,"column":28},"end":{"line":3,"column":110}},"2":{"start":{"line":3,"column":91},"end":{"line":3,"column":106}},"3":{"start":{"line":4,"column":4},"end":{"line":9,"column":7}},"4":{"start":{"line":5,"column":36},"end":{"line":5,"column":97}},"5":{"start":{"line":5,"column":42},"end":{"line":5,"column":70}},"6":{"start":{"line":5,"column":85},"end":{"line":5,"column":95}},"7":{"start":{"line":6,"column":35},"end":{"line":6,"column":100}},"8":{"start":{"line":6,"column":41},"end":{"line":6,"column":73}},"9":{"start":{"line":6,"column":88},"end":{"line":6,"column":98}},"10":{"start":{"line":7,"column":32},"end":{"line":7,"column":116}},"11":{"start":{"line":8,"column":8},"end":{"line":8,"column":78}},"12":{"start":{"line":11,"column":0},"end":{"line":11,"column":62}},"13":{"start":{"line":12,"column":22},"end":{"line":12,"column":51}},"14":{"start":{"line":15,"column":8},"end":{"line":15,"column":33}},"15":{"start":{"line":18,"column":8},"end":{"line":33,"column":11}},"16":{"start":{"line":19,"column":31},"end":{"line":19,"column":62}},"17":{"start":{"line":20,"column":36},"end":{"line":20,"column":38}},"18":{"start":{"line":21,"column":12},"end":{"line":31,"column":13}},"19":{"start":{"line":22,"column":39},"end":{"line":22,"column":86}},"20":{"start":{"line":23,"column":39},"end":{"line":29,"column":18}},"21":{"start":{"line":30,"column":16},"end":{"line":30,"column":53}},"22":{"start":{"line":32,"column":12},"end":{"line":32,"column":35}},"23":{"start":{"line":36,"column":0},"end":{"line":36,"column":28}}},"fnMap":{"0":{"name":"(anonymous_0)","decl":{"start":{"line":2,"column":44},"end":{"line":2,"column":45}},"loc":{"start":{"line":2,"column":89},"end":{"line":10,"column":1}},"line":2},"1":{"name":"adopt","decl":{"start":{"line":3,"column":13},"end":{"line":3,"column":18}},"loc":{"start":{"line":3,"column":26},"end":{"line":3,"column":112}},"line":3},"2":{"name":"(anonymous_2)","decl":{"start":{"line":3,"column":70},"end":{"line":3,"column":71}},"loc":{"start":{"line":3,"column":89},"end":{"line":3,"column":108}},"line":3},"3":{"name":"(anonymous_3)","decl":{"start":{"line":4,"column":36},"end":{"line":4,"column":37}},"loc":{"start":{"line":4,"column":63},"end":{"line":9,"column":5}},"line":4},"4":{"name":"fulfilled","decl":{"start":{"line":5,"column":17},"end":{"line":5,"column":26}},"loc":{"start":{"line":5,"column":34},"end":{"line":5,"column":99}},"line":5},"5":{"name":"rejected","decl":{"start":{"line":6,"column":17},"end":{"line":6,"column":25}},"loc":{"start":{"line":6,"column":33},"end":{"line":6,"column":102}},"line":6},"6":{"name":"step","decl":{"start":{"line":7,"column":17},"end":{"line":7,"column":21}},"loc":{"start":{"line":7,"column":30},"end":{"line":7,"column":118}},"line":7},"7":{"name":"(anonymous_7)","decl":{"start":{"line":14,"column":4},"end":{"line":14,"column":5}},"loc":{"start":{"line":14,"column":26},"end":{"line":16,"column":5}},"line":14},"8":{"name":"(anonymous_8)","decl":{"start":{"line":17,"column":4},"end":{"line":17,"column":5}},"loc":{"start":{"line":17,"column":14},"end":{"line":34,"column":5}},"line":17},"9":{"name":"(anonymous_9)","decl":{"start":{"line":18,"column":47},"end":{"line":18,"column":48}},"loc":{"start":{"line":18,"column":60},"end":{"line":33,"column":9}},"line":18}},"branchMap":{"0":{"loc":{"start":{"line":2,"column":16},"end":{"line":10,"column":1}},"type":"binary-expr","locations":[{"start":{"line":2,"column":17},"end":{"line":2,"column":21}},{"start":{"line":2,"column":25},"end":{"line":2,"column":39}},{"start":{"line":2,"column":44},"end":{"line":10,"column":1}}],"line":2},"1":{"loc":{"start":{"line":3,"column":35},"end":{"line":3,"column":109}},"type":"cond-expr","locations":[{"start":{"line":3,"column":56},"end":{"line":3,"column":61}},{"start":{"line":3,"column":64},"end":{"line":3,"column":109}}],"line":3},"2":{"loc":{"start":{"line":4,"column":16},"end":{"line":4,"column":34}},"type":"binary-expr","locations":[{"start":{"line":4,"column":16},"end":{"line":4,"column":17}},{"start":{"line":4,"column":22},"end":{"line":4,"column":33}}],"line":4},"3":{"loc":{"start":{"line":7,"column":32},"end":{"line":7,"column":115}},"type":"cond-expr","locations":[{"start":{"line":7,"column":46},"end":{"line":7,"column":67}},{"start":{"line":7,"column":70},"end":{"line":7,"column":115}}],"line":7},"4":{"loc":{"start":{"line":8,"column":51},"end":{"line":8,"column":67}},"type":"binary-expr","locations":[{"start":{"line":8,"column":51},"end":{"line":8,"column":61}},{"start":{"line":8,"column":65},"end":{"line":8,"column":67}}],"line":8}},"s":{"0":1,"1":59,"2":0,"3":1,"4":59,"5":59,"6":0,"7":0,"8":0,"9":0,"10":60,"11":1,"12":1,"13":1,"14":1,"15":1,"16":1,"17":1,"18":1,"19":58,"20":58,"21":58,"22":1,"23":1},"f":{"0":1,"1":59,"2":0,"3":1,"4":59,"5":0,"6":60,"7":1,"8":1,"9":1},"b":{"0":[1,1,1],"1":[59,0],"2":[1,1],"3":[1,59],"4":[1,1]},"_coverageSchema":"1a1c01bbd47fc00a2c39e90264f33305004495a9","hash":"1a5643b151957fb9070ae202b1f8cc0e3a754dbe"}
,"/Users/cleyton.gama/workspace/app-diaper-market/dist/src/checkout/application/query/IOrderDAO.js": {"path":"/Users/cleyton.gama/workspace/app-diaper-market/dist/src/checkout/application/query/IOrderDAO.js","statementMap":{"0":{"start":{"line":2,"column":0},"end":{"line":2,"column":62}}},"fnMap":{},"branchMap":{},"s":{"0":0},"f":{},"b":{}}
,"/Users/cleyton.gama/workspace/app-diaper-market/dist/src/checkout/application/usecase/CancelOrder.js": {"path":"/Users/cleyton.gama/workspace/app-diaper-market/dist/src/checkout/application/usecase/CancelOrder.js","statementMap":{"0":{"start":{"line":2,"column":16},"end":{"line":10,"column":1}},"1":{"start":{"line":3,"column":28},"end":{"line":3,"column":110}},"2":{"start":{"line":3,"column":91},"end":{"line":3,"column":106}},"3":{"start":{"line":4,"column":4},"end":{"line":9,"column":7}},"4":{"start":{"line":5,"column":36},"end":{"line":5,"column":97}},"5":{"start":{"line":5,"column":42},"end":{"line":5,"column":70}},"6":{"start":{"line":5,"column":85},"end":{"line":5,"column":95}},"7":{"start":{"line":6,"column":35},"end":{"line":6,"column":100}},"8":{"start":{"line":6,"column":41},"end":{"line":6,"column":73}},"9":{"start":{"line":6,"column":88},"end":{"line":6,"column":98}},"10":{"start":{"line":7,"column":32},"end":{"line":7,"column":116}},"11":{"start":{"line":8,"column":8},"end":{"line":8,"column":78}},"12":{"start":{"line":11,"column":22},"end":{"line":13,"column":1}},"13":{"start":{"line":12,"column":4},"end":{"line":12,"column":62}},"14":{"start":{"line":14,"column":0},"end":{"line":14,"column":62}},"15":{"start":{"line":15,"column":25},"end":{"line":15,"column":96}},"16":{"start":{"line":18,"column":8},"end":{"line":18,"column":33}},"17":{"start":{"line":19,"column":8},"end":{"line":19,"column":75}},"18":{"start":{"line":22,"column":8},"end":{"line":29,"column":11}},"19":{"start":{"line":23,"column":26},"end":{"line":23,"column":62}},"20":{"start":{"line":24,"column":12},"end":{"line":24,"column":27}},"21":{"start":{"line":25,"column":12},"end":{"line":25,"column":43}},"22":{"start":{"line":26,"column":12},"end":{"line":26,"column":53}},"23":{"start":{"line":27,"column":26},"end":{"line":27,"column":124}},"24":{"start":{"line":27,"column":66},"end":{"line":27,"column":122}},"25":{"start":{"line":28,"column":12},"end":{"line":28,"column":77}},"26":{"start":{"line":32,"column":0},"end":{"line":32,"column":30}}},"fnMap":{"0":{"name":"(anonymous_0)","decl":{"start":{"line":2,"column":44},"end":{"line":2,"column":45}},"loc":{"start":{"line":2,"column":89},"end":{"line":10,"column":1}},"line":2},"1":{"name":"adopt","decl":{"start":{"line":3,"column":13},"end":{"line":3,"column":18}},"loc":{"start":{"line":3,"column":26},"end":{"line":3,"column":112}},"line":3},"2":{"name":"(anonymous_2)","decl":{"start":{"line":3,"column":70},"end":{"line":3,"column":71}},"loc":{"start":{"line":3,"column":89},"end":{"line":3,"column":108}},"line":3},"3":{"name":"(anonymous_3)","decl":{"start":{"line":4,"column":36},"end":{"line":4,"column":37}},"loc":{"start":{"line":4,"column":63},"end":{"line":9,"column":5}},"line":4},"4":{"name":"fulfilled","decl":{"start":{"line":5,"column":17},"end":{"line":5,"column":26}},"loc":{"start":{"line":5,"column":34},"end":{"line":5,"column":99}},"line":5},"5":{"name":"rejected","decl":{"start":{"line":6,"column":17},"end":{"line":6,"column":25}},"loc":{"start":{"line":6,"column":33},"end":{"line":6,"column":102}},"line":6},"6":{"name":"step","decl":{"start":{"line":7,"column":17},"end":{"line":7,"column":21}},"loc":{"start":{"line":7,"column":30},"end":{"line":7,"column":118}},"line":7},"7":{"name":"(anonymous_7)","decl":{"start":{"line":11,"column":56},"end":{"line":11,"column":57}},"loc":{"start":{"line":11,"column":71},"end":{"line":13,"column":1}},"line":11},"8":{"name":"(anonymous_8)","decl":{"start":{"line":17,"column":4},"end":{"line":17,"column":5}},"loc":{"start":{"line":17,"column":53},"end":{"line":20,"column":5}},"line":17},"9":{"name":"(anonymous_9)","decl":{"start":{"line":21,"column":4},"end":{"line":21,"column":5}},"loc":{"start":{"line":21,"column":18},"end":{"line":30,"column":5}},"line":21},"10":{"name":"(anonymous_10)","decl":{"start":{"line":22,"column":47},"end":{"line":22,"column":48}},"loc":{"start":{"line":22,"column":60},"end":{"line":29,"column":9}},"line":22},"11":{"name":"(anonymous_11)","decl":{"start":{"line":27,"column":52},"end":{"line":27,"column":53}},"loc":{"start":{"line":27,"column":66},"end":{"line":27,"column":122}},"line":27}},"branchMap":{"0":{"loc":{"start":{"line":2,"column":16},"end":{"line":10,"column":1}},"type":"binary-expr","locations":[{"start":{"line":2,"column":17},"end":{"line":2,"column":21}},{"start":{"line":2,"column":25},"end":{"line":2,"column":39}},{"start":{"line":2,"column":44},"end":{"line":10,"column":1}}],"line":2},"1":{"loc":{"start":{"line":3,"column":35},"end":{"line":3,"column":109}},"type":"cond-expr","locations":[{"start":{"line":3,"column":56},"end":{"line":3,"column":61}},{"start":{"line":3,"column":64},"end":{"line":3,"column":109}}],"line":3},"2":{"loc":{"start":{"line":4,"column":16},"end":{"line":4,"column":34}},"type":"binary-expr","locations":[{"start":{"line":4,"column":16},"end":{"line":4,"column":17}},{"start":{"line":4,"column":22},"end":{"line":4,"column":33}}],"line":4},"3":{"loc":{"start":{"line":7,"column":32},"end":{"line":7,"column":115}},"type":"cond-expr","locations":[{"start":{"line":7,"column":46},"end":{"line":7,"column":67}},{"start":{"line":7,"column":70},"end":{"line":7,"column":115}}],"line":7},"4":{"loc":{"start":{"line":8,"column":51},"end":{"line":8,"column":67}},"type":"binary-expr","locations":[{"start":{"line":8,"column":51},"end":{"line":8,"column":61}},{"start":{"line":8,"column":65},"end":{"line":8,"column":67}}],"line":8},"5":{"loc":{"start":{"line":11,"column":22},"end":{"line":13,"column":1}},"type":"binary-expr","locations":[{"start":{"line":11,"column":23},"end":{"line":11,"column":27}},{"start":{"line":11,"column":31},"end":{"line":11,"column":51}},{"start":{"line":11,"column":56},"end":{"line":13,"column":1}}],"line":11},"6":{"loc":{"start":{"line":12,"column":11},"end":{"line":12,"column":61}},"type":"cond-expr","locations":[{"start":{"line":12,"column":37},"end":{"line":12,"column":40}},{"start":{"line":12,"column":43},"end":{"line":12,"column":61}}],"line":12},"7":{"loc":{"start":{"line":12,"column":12},"end":{"line":12,"column":33}},"type":"binary-expr","locations":[{"start":{"line":12,"column":12},"end":{"line":12,"column":15}},{"start":{"line":12,"column":19},"end":{"line":12,"column":33}}],"line":12}},"s":{"0":1,"1":2,"2":0,"3":1,"4":2,"5":2,"6":0,"7":0,"8":0,"9":0,"10":3,"11":1,"12":1,"13":1,"14":1,"15":1,"16":1,"17":1,"18":1,"19":1,"20":1,"21":1,"22":1,"23":1,"24":3,"25":1,"26":1},"f":{"0":1,"1":2,"2":0,"3":1,"4":2,"5":0,"6":3,"7":1,"8":1,"9":1,"10":1,"11":3},"b":{"0":[1,1,1],"1":[2,0],"2":[1,1],"3":[1,2],"4":[1,1],"5":[1,1,1],"6":[1,0],"7":[1,1]},"_coverageSchema":"1a1c01bbd47fc00a2c39e90264f33305004495a9","hash":"af9f75166d52e2284f7eeae00e6aff0f480f27c3"}
,"/Users/cleyton.gama/workspace/app-diaper-market/dist/src/checkout/application/usecase/PlaceOrder.js": {"path":"/Users/cleyton.gama/workspace/app-diaper-market/dist/src/checkout/application/usecase/PlaceOrder.js","statementMap":{"0":{"start":{"line":2,"column":16},"end":{"line":10,"column":1}},"1":{"start":{"line":3,"column":28},"end":{"line":3,"column":110}},"2":{"start":{"line":3,"column":91},"end":{"line":3,"column":106}},"3":{"start":{"line":4,"column":4},"end":{"line":9,"column":7}},"4":{"start":{"line":5,"column":36},"end":{"line":5,"column":97}},"5":{"start":{"line":5,"column":42},"end":{"line":5,"column":70}},"6":{"start":{"line":5,"column":85},"end":{"line":5,"column":95}},"7":{"start":{"line":6,"column":35},"end":{"line":6,"column":100}},"8":{"start":{"line":6,"column":41},"end":{"line":6,"column":73}},"9":{"start":{"line":6,"column":88},"end":{"line":6,"column":98}},"10":{"start":{"line":7,"column":32},"end":{"line":7,"column":116}},"11":{"start":{"line":8,"column":8},"end":{"line":8,"column":78}},"12":{"start":{"line":11,"column":22},"end":{"line":13,"column":1}},"13":{"start":{"line":12,"column":4},"end":{"line":12,"column":62}},"14":{"start":{"line":14,"column":0},"end":{"line":14,"column":62}},"15":{"start":{"line":15,"column":16},"end":{"line":15,"column":69}},"16":{"start":{"line":16,"column":24},"end":{"line":16,"column":55}},"17":{"start":{"line":17,"column":28},"end":{"line":17,"column":94}},"18":{"start":{"line":18,"column":22},"end":{"line":18,"column":90}},"19":{"start":{"line":21,"column":8},"end":{"line":21,"column":33}},"20":{"start":{"line":22,"column":8},"end":{"line":22,"column":75}},"21":{"start":{"line":23,"column":8},"end":{"line":23,"column":77}},"22":{"start":{"line":24,"column":8},"end":{"line":24,"column":74}},"23":{"start":{"line":27,"column":8},"end":{"line":47,"column":11}},"24":{"start":{"line":28,"column":27},"end":{"line":28,"column":67}},"25":{"start":{"line":29,"column":26},"end":{"line":29,"column":103}},"26":{"start":{"line":30,"column":26},"end":{"line":30,"column":27}},"27":{"start":{"line":31,"column":12},"end":{"line":35,"column":13}},"28":{"start":{"line":32,"column":29},"end":{"line":32,"column":82}},"29":{"start":{"line":33,"column":16},"end":{"line":33,"column":92}},"30":{"start":{"line":34,"column":16},"end":{"line":34,"column":56}},"31":{"start":{"line":36,"column":12},"end":{"line":36,"column":38}},"32":{"start":{"line":37,"column":12},"end":{"line":40,"column":13}},"33":{"start":{"line":38,"column":31},"end":{"line":38,"column":83}},"34":{"start":{"line":39,"column":16},"end":{"line":39,"column":40}},"35":{"start":{"line":41,"column":12},"end":{"line":41,"column":51}},"36":{"start":{"line":42,"column":26},"end":{"line":42,"column":124}},"37":{"start":{"line":42,"column":66},"end":{"line":42,"column":122}},"38":{"start":{"line":43,"column":12},"end":{"line":43,"column":92}},"39":{"start":{"line":44,"column":26},"end":{"line":44,"column":52}},"40":{"start":{"line":45,"column":25},"end":{"line":45,"column":40}},"41":{"start":{"line":46,"column":12},"end":{"line":46,"column":73}},"42":{"start":{"line":50,"column":0},"end":{"line":50,"column":29}}},"fnMap":{"0":{"name":"(anonymous_0)","decl":{"start":{"line":2,"column":44},"end":{"line":2,"column":45}},"loc":{"start":{"line":2,"column":89},"end":{"line":10,"column":1}},"line":2},"1":{"name":"adopt","decl":{"start":{"line":3,"column":13},"end":{"line":3,"column":18}},"loc":{"start":{"line":3,"column":26},"end":{"line":3,"column":112}},"line":3},"2":{"name":"(anonymous_2)","decl":{"start":{"line":3,"column":70},"end":{"line":3,"column":71}},"loc":{"start":{"line":3,"column":89},"end":{"line":3,"column":108}},"line":3},"3":{"name":"(anonymous_3)","decl":{"start":{"line":4,"column":36},"end":{"line":4,"column":37}},"loc":{"start":{"line":4,"column":63},"end":{"line":9,"column":5}},"line":4},"4":{"name":"fulfilled","decl":{"start":{"line":5,"column":17},"end":{"line":5,"column":26}},"loc":{"start":{"line":5,"column":34},"end":{"line":5,"column":99}},"line":5},"5":{"name":"rejected","decl":{"start":{"line":6,"column":17},"end":{"line":6,"column":25}},"loc":{"start":{"line":6,"column":33},"end":{"line":6,"column":102}},"line":6},"6":{"name":"step","decl":{"start":{"line":7,"column":17},"end":{"line":7,"column":21}},"loc":{"start":{"line":7,"column":30},"end":{"line":7,"column":118}},"line":7},"7":{"name":"(anonymous_7)","decl":{"start":{"line":11,"column":56},"end":{"line":11,"column":57}},"loc":{"start":{"line":11,"column":71},"end":{"line":13,"column":1}},"line":11},"8":{"name":"(anonymous_8)","decl":{"start":{"line":20,"column":4},"end":{"line":20,"column":5}},"loc":{"start":{"line":20,"column":53},"end":{"line":25,"column":5}},"line":20},"9":{"name":"(anonymous_9)","decl":{"start":{"line":26,"column":4},"end":{"line":26,"column":5}},"loc":{"start":{"line":26,"column":19},"end":{"line":48,"column":5}},"line":26},"10":{"name":"(anonymous_10)","decl":{"start":{"line":27,"column":47},"end":{"line":27,"column":48}},"loc":{"start":{"line":27,"column":60},"end":{"line":47,"column":9}},"line":27},"11":{"name":"(anonymous_11)","decl":{"start":{"line":42,"column":52},"end":{"line":42,"column":53}},"loc":{"start":{"line":42,"column":66},"end":{"line":42,"column":122}},"line":42}},"branchMap":{"0":{"loc":{"start":{"line":2,"column":16},"end":{"line":10,"column":1}},"type":"binary-expr","locations":[{"start":{"line":2,"column":17},"end":{"line":2,"column":21}},{"start":{"line":2,"column":25},"end":{"line":2,"column":39}},{"start":{"line":2,"column":44},"end":{"line":10,"column":1}}],"line":2},"1":{"loc":{"start":{"line":3,"column":35},"end":{"line":3,"column":109}},"type":"cond-expr","locations":[{"start":{"line":3,"column":56},"end":{"line":3,"column":61}},{"start":{"line":3,"column":64},"end":{"line":3,"column":109}}],"line":3},"2":{"loc":{"start":{"line":4,"column":16},"end":{"line":4,"column":34}},"type":"binary-expr","locations":[{"start":{"line":4,"column":16},"end":{"line":4,"column":17}},{"start":{"line":4,"column":22},"end":{"line":4,"column":33}}],"line":4},"3":{"loc":{"start":{"line":7,"column":32},"end":{"line":7,"column":115}},"type":"cond-expr","locations":[{"start":{"line":7,"column":46},"end":{"line":7,"column":67}},{"start":{"line":7,"column":70},"end":{"line":7,"column":115}}],"line":7},"4":{"loc":{"start":{"line":8,"column":51},"end":{"line":8,"column":67}},"type":"binary-expr","locations":[{"start":{"line":8,"column":51},"end":{"line":8,"column":61}},{"start":{"line":8,"column":65},"end":{"line":8,"column":67}}],"line":8},"5":{"loc":{"start":{"line":11,"column":22},"end":{"line":13,"column":1}},"type":"binary-expr","locations":[{"start":{"line":11,"column":23},"end":{"line":11,"column":27}},{"start":{"line":11,"column":31},"end":{"line":11,"column":51}},{"start":{"line":11,"column":56},"end":{"line":13,"column":1}}],"line":11},"6":{"loc":{"start":{"line":12,"column":11},"end":{"line":12,"column":61}},"type":"cond-expr","locations":[{"start":{"line":12,"column":37},"end":{"line":12,"column":40}},{"start":{"line":12,"column":43},"end":{"line":12,"column":61}}],"line":12},"7":{"loc":{"start":{"line":12,"column":12},"end":{"line":12,"column":33}},"type":"binary-expr","locations":[{"start":{"line":12,"column":12},"end":{"line":12,"column":15}},{"start":{"line":12,"column":19},"end":{"line":12,"column":33}}],"line":12},"8":{"loc":{"start":{"line":37,"column":12},"end":{"line":40,"column":13}},"type":"if","locations":[{"start":{"line":37,"column":12},"end":{"line":40,"column":13}},{"start":{},"end":{}}],"line":37}},"s":{"0":4,"1":28,"2":0,"3":4,"4":28,"5":28,"6":0,"7":0,"8":0,"9":0,"10":32,"11":4,"12":4,"13":12,"14":4,"15":4,"16":4,"17":4,"18":4,"19":4,"20":4,"21":4,"22":4,"23":4,"24":4,"25":4,"26":4,"27":4,"28":12,"29":12,"30":12,"31":4,"32":4,"33":4,"34":4,"35":4,"36":4,"37":12,"38":4,"39":4,"40":4,"41":4,"42":4},"f":{"0":4,"1":28,"2":0,"3":4,"4":28,"5":0,"6":32,"7":12,"8":4,"9":4,"10":4,"11":12},"b":{"0":[4,4,4],"1":[28,0],"2":[4,4],"3":[4,28],"4":[4,4],"5":[4,4,4],"6":[12,0],"7":[12,12],"8":[4,0]},"_coverageSchema":"1a1c01bbd47fc00a2c39e90264f33305004495a9","hash":"567c05ec5c0622d17dc603e78612d3ffbbaa05ce"}
,"/Users/cleyton.gama/workspace/app-diaper-market/dist/src/checkout/application/usecase/SimulateFreight.js": {"path":"/Users/cleyton.gama/workspace/app-diaper-market/dist/src/checkout/application/usecase/SimulateFreight.js","statementMap":{"0":{"start":{"line":2,"column":16},"end":{"line":10,"column":1}},"1":{"start":{"line":3,"column":28},"end":{"line":3,"column":110}},"2":{"start":{"line":3,"column":91},"end":{"line":3,"column":106}},"3":{"start":{"line":4,"column":4},"end":{"line":9,"column":7}},"4":{"start":{"line":5,"column":36},"end":{"line":5,"column":97}},"5":{"start":{"line":5,"column":42},"end":{"line":5,"column":70}},"6":{"start":{"line":5,"column":85},"end":{"line":5,"column":95}},"7":{"start":{"line":6,"column":35},"end":{"line":6,"column":100}},"8":{"start":{"line":6,"column":41},"end":{"line":6,"column":73}},"9":{"start":{"line":6,"column":88},"end":{"line":6,"column":98}},"10":{"start":{"line":7,"column":32},"end":{"line":7,"column":116}},"11":{"start":{"line":8,"column":8},"end":{"line":8,"column":78}},"12":{"start":{"line":11,"column":22},"end":{"line":13,"column":1}},"13":{"start":{"line":12,"column":4},"end":{"line":12,"column":62}},"14":{"start":{"line":14,"column":0},"end":{"line":14,"column":62}},"15":{"start":{"line":15,"column":28},"end":{"line":15,"column":94}},"16":{"start":{"line":18,"column":8},"end":{"line":18,"column":67}},"17":{"start":{"line":19,"column":8},"end":{"line":19,"column":73}},"18":{"start":{"line":22,"column":8},"end":{"line":29,"column":11}},"19":{"start":{"line":23,"column":26},"end":{"line":23,"column":27}},"20":{"start":{"line":24,"column":12},"end":{"line":27,"column":13}},"21":{"start":{"line":25,"column":29},"end":{"line":25,"column":81}},"22":{"start":{"line":26,"column":16},"end":{"line":26,"column":92}},"23":{"start":{"line":28,"column":12},"end":{"line":28,"column":27}},"24":{"start":{"line":32,"column":0},"end":{"line":32,"column":34}}},"fnMap":{"0":{"name":"(anonymous_0)","decl":{"start":{"line":2,"column":44},"end":{"line":2,"column":45}},"loc":{"start":{"line":2,"column":89},"end":{"line":10,"column":1}},"line":2},"1":{"name":"adopt","decl":{"start":{"line":3,"column":13},"end":{"line":3,"column":18}},"loc":{"start":{"line":3,"column":26},"end":{"line":3,"column":112}},"line":3},"2":{"name":"(anonymous_2)","decl":{"start":{"line":3,"column":70},"end":{"line":3,"column":71}},"loc":{"start":{"line":3,"column":89},"end":{"line":3,"column":108}},"line":3},"3":{"name":"(anonymous_3)","decl":{"start":{"line":4,"column":36},"end":{"line":4,"column":37}},"loc":{"start":{"line":4,"column":63},"end":{"line":9,"column":5}},"line":4},"4":{"name":"fulfilled","decl":{"start":{"line":5,"column":17},"end":{"line":5,"column":26}},"loc":{"start":{"line":5,"column":34},"end":{"line":5,"column":99}},"line":5},"5":{"name":"rejected","decl":{"start":{"line":6,"column":17},"end":{"line":6,"column":25}},"loc":{"start":{"line":6,"column":33},"end":{"line":6,"column":102}},"line":6},"6":{"name":"step","decl":{"start":{"line":7,"column":17},"end":{"line":7,"column":21}},"loc":{"start":{"line":7,"column":30},"end":{"line":7,"column":118}},"line":7},"7":{"name":"(anonymous_7)","decl":{"start":{"line":11,"column":56},"end":{"line":11,"column":57}},"loc":{"start":{"line":11,"column":71},"end":{"line":13,"column":1}},"line":11},"8":{"name":"(anonymous_8)","decl":{"start":{"line":17,"column":4},"end":{"line":17,"column":5}},"loc":{"start":{"line":17,"column":43},"end":{"line":20,"column":5}},"line":17},"9":{"name":"(anonymous_9)","decl":{"start":{"line":21,"column":4},"end":{"line":21,"column":5}},"loc":{"start":{"line":21,"column":19},"end":{"line":30,"column":5}},"line":21},"10":{"name":"(anonymous_10)","decl":{"start":{"line":22,"column":47},"end":{"line":22,"column":48}},"loc":{"start":{"line":22,"column":60},"end":{"line":29,"column":9}},"line":22}},"branchMap":{"0":{"loc":{"start":{"line":2,"column":16},"end":{"line":10,"column":1}},"type":"binary-expr","locations":[{"start":{"line":2,"column":17},"end":{"line":2,"column":21}},{"start":{"line":2,"column":25},"end":{"line":2,"column":39}},{"start":{"line":2,"column":44},"end":{"line":10,"column":1}}],"line":2},"1":{"loc":{"start":{"line":3,"column":35},"end":{"line":3,"column":109}},"type":"cond-expr","locations":[{"start":{"line":3,"column":56},"end":{"line":3,"column":61}},{"start":{"line":3,"column":64},"end":{"line":3,"column":109}}],"line":3},"2":{"loc":{"start":{"line":4,"column":16},"end":{"line":4,"column":34}},"type":"binary-expr","locations":[{"start":{"line":4,"column":16},"end":{"line":4,"column":17}},{"start":{"line":4,"column":22},"end":{"line":4,"column":33}}],"line":4},"3":{"loc":{"start":{"line":7,"column":32},"end":{"line":7,"column":115}},"type":"cond-expr","locations":[{"start":{"line":7,"column":46},"end":{"line":7,"column":67}},{"start":{"line":7,"column":70},"end":{"line":7,"column":115}}],"line":7},"4":{"loc":{"start":{"line":8,"column":51},"end":{"line":8,"column":67}},"type":"binary-expr","locations":[{"start":{"line":8,"column":51},"end":{"line":8,"column":61}},{"start":{"line":8,"column":65},"end":{"line":8,"column":67}}],"line":8},"5":{"loc":{"start":{"line":11,"column":22},"end":{"line":13,"column":1}},"type":"binary-expr","locations":[{"start":{"line":11,"column":23},"end":{"line":11,"column":27}},{"start":{"line":11,"column":31},"end":{"line":11,"column":51}},{"start":{"line":11,"column":56},"end":{"line":13,"column":1}}],"line":11},"6":{"loc":{"start":{"line":12,"column":11},"end":{"line":12,"column":61}},"type":"cond-expr","locations":[{"start":{"line":12,"column":37},"end":{"line":12,"column":40}},{"start":{"line":12,"column":43},"end":{"line":12,"column":61}}],"line":12},"7":{"loc":{"start":{"line":12,"column":12},"end":{"line":12,"column":33}},"type":"binary-expr","locations":[{"start":{"line":12,"column":12},"end":{"line":12,"column":15}},{"start":{"line":12,"column":19},"end":{"line":12,"column":33}}],"line":12}},"s":{"0":1,"1":3,"2":0,"3":1,"4":3,"5":3,"6":0,"7":0,"8":0,"9":0,"10":4,"11":1,"12":1,"13":1,"14":1,"15":1,"16":1,"17":1,"18":1,"19":1,"20":1,"21":3,"22":3,"23":1,"24":1},"f":{"0":1,"1":3,"2":0,"3":1,"4":3,"5":0,"6":4,"7":1,"8":1,"9":1,"10":1},"b":{"0":[1,1,1],"1":[3,0],"2":[1,1],"3":[1,3],"4":[1,1],"5":[1,1,1],"6":[1,0],"7":[1,1]},"_coverageSchema":"1a1c01bbd47fc00a2c39e90264f33305004495a9","hash":"557b7887d786a728cb77e42118f885861048835f"}
,"/Users/cleyton.gama/workspace/app-diaper-market/dist/src/checkout/application/usecase/ValidateCoupon.js": {"path":"/Users/cleyton.gama/workspace/app-diaper-market/dist/src/checkout/application/usecase/ValidateCoupon.js","statementMap":{"0":{"start":{"line":2,"column":16},"end":{"line":10,"column":1}},"1":{"start":{"line":3,"column":28},"end":{"line":3,"column":110}},"2":{"start":{"line":3,"column":91},"end":{"line":3,"column":106}},"3":{"start":{"line":4,"column":4},"end":{"line":9,"column":7}},"4":{"start":{"line":5,"column":36},"end":{"line":5,"column":97}},"5":{"start":{"line":5,"column":42},"end":{"line":5,"column":70}},"6":{"start":{"line":5,"column":85},"end":{"line":5,"column":95}},"7":{"start":{"line":6,"column":35},"end":{"line":6,"column":100}},"8":{"start":{"line":6,"column":41},"end":{"line":6,"column":73}},"9":{"start":{"line":6,"column":88},"end":{"line":6,"column":98}},"10":{"start":{"line":7,"column":32},"end":{"line":7,"column":116}},"11":{"start":{"line":8,"column":8},"end":{"line":8,"column":78}},"12":{"start":{"line":11,"column":0},"end":{"line":11,"column":62}},"13":{"start":{"line":14,"column":8},"end":{"line":14,"column":49}},"14":{"start":{"line":17,"column":8},"end":{"line":21,"column":11}},"15":{"start":{"line":18,"column":27},"end":{"line":18,"column":79}},"16":{"start":{"line":19,"column":28},"end":{"line":19,"column":54}},"17":{"start":{"line":20,"column":12},"end":{"line":20,"column":27}},"18":{"start":{"line":24,"column":0},"end":{"line":24,"column":33}}},"fnMap":{"0":{"name":"(anonymous_0)","decl":{"start":{"line":2,"column":44},"end":{"line":2,"column":45}},"loc":{"start":{"line":2,"column":89},"end":{"line":10,"column":1}},"line":2},"1":{"name":"adopt","decl":{"start":{"line":3,"column":13},"end":{"line":3,"column":18}},"loc":{"start":{"line":3,"column":26},"end":{"line":3,"column":112}},"line":3},"2":{"name":"(anonymous_2)","decl":{"start":{"line":3,"column":70},"end":{"line":3,"column":71}},"loc":{"start":{"line":3,"column":89},"end":{"line":3,"column":108}},"line":3},"3":{"name":"(anonymous_3)","decl":{"start":{"line":4,"column":36},"end":{"line":4,"column":37}},"loc":{"start":{"line":4,"column":63},"end":{"line":9,"column":5}},"line":4},"4":{"name":"fulfilled","decl":{"start":{"line":5,"column":17},"end":{"line":5,"column":26}},"loc":{"start":{"line":5,"column":34},"end":{"line":5,"column":99}},"line":5},"5":{"name":"rejected","decl":{"start":{"line":6,"column":17},"end":{"line":6,"column":25}},"loc":{"start":{"line":6,"column":33},"end":{"line":6,"column":102}},"line":6},"6":{"name":"step","decl":{"start":{"line":7,"column":17},"end":{"line":7,"column":21}},"loc":{"start":{"line":7,"column":30},"end":{"line":7,"column":118}},"line":7},"7":{"name":"(anonymous_7)","decl":{"start":{"line":13,"column":4},"end":{"line":13,"column":5}},"loc":{"start":{"line":13,"column":34},"end":{"line":15,"column":5}},"line":13},"8":{"name":"(anonymous_8)","decl":{"start":{"line":16,"column":4},"end":{"line":16,"column":5}},"loc":{"start":{"line":16,"column":19},"end":{"line":22,"column":5}},"line":16},"9":{"name":"(anonymous_9)","decl":{"start":{"line":17,"column":47},"end":{"line":17,"column":48}},"loc":{"start":{"line":17,"column":60},"end":{"line":21,"column":9}},"line":17}},"branchMap":{"0":{"loc":{"start":{"line":2,"column":16},"end":{"line":10,"column":1}},"type":"binary-expr","locations":[{"start":{"line":2,"column":17},"end":{"line":2,"column":21}},{"start":{"line":2,"column":25},"end":{"line":2,"column":39}},{"start":{"line":2,"column":44},"end":{"line":10,"column":1}}],"line":2},"1":{"loc":{"start":{"line":3,"column":35},"end":{"line":3,"column":109}},"type":"cond-expr","locations":[{"start":{"line":3,"column":56},"end":{"line":3,"column":61}},{"start":{"line":3,"column":64},"end":{"line":3,"column":109}}],"line":3},"2":{"loc":{"start":{"line":4,"column":16},"end":{"line":4,"column":34}},"type":"binary-expr","locations":[{"start":{"line":4,"column":16},"end":{"line":4,"column":17}},{"start":{"line":4,"column":22},"end":{"line":4,"column":33}}],"line":4},"3":{"loc":{"start":{"line":7,"column":32},"end":{"line":7,"column":115}},"type":"cond-expr","locations":[{"start":{"line":7,"column":46},"end":{"line":7,"column":67}},{"start":{"line":7,"column":70},"end":{"line":7,"column":115}}],"line":7},"4":{"loc":{"start":{"line":8,"column":51},"end":{"line":8,"column":67}},"type":"binary-expr","locations":[{"start":{"line":8,"column":51},"end":{"line":8,"column":61}},{"start":{"line":8,"column":65},"end":{"line":8,"column":67}}],"line":8}},"s":{"0":1,"1":1,"2":0,"3":1,"4":1,"5":1,"6":0,"7":0,"8":0,"9":0,"10":2,"11":1,"12":1,"13":1,"14":1,"15":1,"16":1,"17":1,"18":1},"f":{"0":1,"1":1,"2":0,"3":1,"4":1,"5":0,"6":2,"7":1,"8":1,"9":1},"b":{"0":[1,1,1],"1":[1,0],"2":[1,1],"3":[1,1],"4":[1,1]},"_coverageSchema":"1a1c01bbd47fc00a2c39e90264f33305004495a9","hash":"2e42932ebe6d0a536bde517d4b08ccd0627c2d23"}
,"/Users/cleyton.gama/workspace/app-diaper-market/dist/src/checkout/domain/entity/Coupon.js": {"path":"/Users/cleyton.gama/workspace/app-diaper-market/dist/src/checkout/domain/entity/Coupon.js","statementMap":{"0":{"start":{"line":2,"column":0},"end":{"line":2,"column":62}},"1":{"start":{"line":5,"column":8},"end":{"line":5,"column":25}},"2":{"start":{"line":6,"column":8},"end":{"line":6,"column":37}},"3":{"start":{"line":7,"column":8},"end":{"line":7,"column":45}},"4":{"start":{"line":10,"column":8},"end":{"line":11,"column":25}},"5":{"start":{"line":11,"column":12},"end":{"line":11,"column":25}},"6":{"start":{"line":12,"column":8},"end":{"line":12,"column":63}},"7":{"start":{"line":15,"column":8},"end":{"line":15,"column":38}},"8":{"start":{"line":18,"column":0},"end":{"line":18,"column":25}}},"fnMap":{"0":{"name":"(anonymous_0)","decl":{"start":{"line":4,"column":4},"end":{"line":4,"column":5}},"loc":{"start":{"line":4,"column":50},"end":{"line":8,"column":5}},"line":4},"1":{"name":"(anonymous_1)","decl":{"start":{"line":9,"column":4},"end":{"line":9,"column":5}},"loc":{"start":{"line":9,"column":34},"end":{"line":13,"column":5}},"line":9},"2":{"name":"(anonymous_2)","decl":{"start":{"line":14,"column":4},"end":{"line":14,"column":5}},"loc":{"start":{"line":14,"column":32},"end":{"line":16,"column":5}},"line":14}},"branchMap":{"0":{"loc":{"start":{"line":9,"column":14},"end":{"line":9,"column":32}},"type":"default-arg","locations":[{"start":{"line":9,"column":22},"end":{"line":9,"column":32}}],"line":9},"1":{"loc":{"start":{"line":10,"column":8},"end":{"line":11,"column":25}},"type":"if","locations":[{"start":{"line":10,"column":8},"end":{"line":11,"column":25}},{"start":{},"end":{}}],"line":10},"2":{"loc":{"start":{"line":14,"column":12},"end":{"line":14,"column":30}},"type":"default-arg","locations":[{"start":{"line":14,"column":20},"end":{"line":14,"column":30}}],"line":14}},"s":{"0":8,"1":10,"2":10,"3":10,"4":10,"5":2,"6":8,"7":1,"8":8},"f":{"0":10,"1":10,"2":1},"b":{"0":[6],"1":[2,8],"2":[0]},"_coverageSchema":"1a1c01bbd47fc00a2c39e90264f33305004495a9","hash":"d2f01195e0bf4e38e9d364a0104b206f74dc519a"}
,"/Users/cleyton.gama/workspace/app-diaper-market/dist/src/checkout/domain/entity/Cpf.js": {"path":"/Users/cleyton.gama/workspace/app-diaper-market/dist/src/checkout/domain/entity/Cpf.js","statementMap":{"0":{"start":{"line":2,"column":0},"end":{"line":2,"column":62}},"1":{"start":{"line":5,"column":8},"end":{"line":5,"column":35}},"2":{"start":{"line":6,"column":8},"end":{"line":6,"column":46}},"3":{"start":{"line":7,"column":8},"end":{"line":7,"column":47}},"4":{"start":{"line":8,"column":8},"end":{"line":9,"column":43}},"5":{"start":{"line":9,"column":12},"end":{"line":9,"column":43}},"6":{"start":{"line":10,"column":8},"end":{"line":10,"column":27}},"7":{"start":{"line":13,"column":8},"end":{"line":14,"column":25}},"8":{"start":{"line":14,"column":12},"end":{"line":14,"column":25}},"9":{"start":{"line":15,"column":20},"end":{"line":15,"column":41}},"10":{"start":{"line":16,"column":8},"end":{"line":17,"column":25}},"11":{"start":{"line":17,"column":12},"end":{"line":17,"column":25}},"12":{"start":{"line":18,"column":8},"end":{"line":19,"column":25}},"13":{"start":{"line":19,"column":12},"end":{"line":19,"column":25}},"14":{"start":{"line":20,"column":35},"end":{"line":20,"column":93}},"15":{"start":{"line":21,"column":36},"end":{"line":21,"column":95}},"16":{"start":{"line":22,"column":30},"end":{"line":22,"column":60}},"17":{"start":{"line":23,"column":40},"end":{"line":23,"column":85}},"18":{"start":{"line":24,"column":8},"end":{"line":24,"column":57}},"19":{"start":{"line":27,"column":8},"end":{"line":27,"column":38}},"20":{"start":{"line":30,"column":29},"end":{"line":30,"column":32}},"21":{"start":{"line":31,"column":8},"end":{"line":31,"column":53}},"22":{"start":{"line":31,"column":35},"end":{"line":31,"column":51}},"23":{"start":{"line":34,"column":20},"end":{"line":34,"column":21}},"24":{"start":{"line":35,"column":8},"end":{"line":38,"column":9}},"25":{"start":{"line":36,"column":12},"end":{"line":37,"column":52}},"26":{"start":{"line":37,"column":16},"end":{"line":37,"column":52}},"27":{"start":{"line":39,"column":21},"end":{"line":39,"column":31}},"28":{"start":{"line":40,"column":8},"end":{"line":40,"column":44}},"29":{"start":{"line":43,"column":8},"end":{"line":43,"column":28}},"30":{"start":{"line":46,"column":0},"end":{"line":46,"column":22}}},"fnMap":{"0":{"name":"(anonymous_0)","decl":{"start":{"line":4,"column":4},"end":{"line":4,"column":5}},"loc":{"start":{"line":4,"column":23},"end":{"line":11,"column":5}},"line":4},"1":{"name":"(anonymous_1)","decl":{"start":{"line":12,"column":4},"end":{"line":12,"column":5}},"loc":{"start":{"line":12,"column":21},"end":{"line":25,"column":5}},"line":12},"2":{"name":"(anonymous_2)","decl":{"start":{"line":26,"column":4},"end":{"line":26,"column":5}},"loc":{"start":{"line":26,"column":18},"end":{"line":28,"column":5}},"line":26},"3":{"name":"(anonymous_3)","decl":{"start":{"line":29,"column":4},"end":{"line":29,"column":5}},"loc":{"start":{"line":29,"column":27},"end":{"line":32,"column":5}},"line":29},"4":{"name":"(anonymous_4)","decl":{"start":{"line":31,"column":30},"end":{"line":31,"column":31}},"loc":{"start":{"line":31,"column":35},"end":{"line":31,"column":51}},"line":31},"5":{"name":"(anonymous_5)","decl":{"start":{"line":33,"column":4},"end":{"line":33,"column":5}},"loc":{"start":{"line":33,"column":32},"end":{"line":41,"column":5}},"line":33},"6":{"name":"(anonymous_6)","decl":{"start":{"line":42,"column":4},"end":{"line":42,"column":5}},"loc":{"start":{"line":42,"column":30},"end":{"line":44,"column":5}},"line":42}},"branchMap":{"0":{"loc":{"start":{"line":8,"column":8},"end":{"line":9,"column":43}},"type":"if","locations":[{"start":{"line":8,"column":8},"end":{"line":9,"column":43}},{"start":{},"end":{}}],"line":8},"1":{"loc":{"start":{"line":13,"column":8},"end":{"line":14,"column":25}},"type":"if","locations":[{"start":{"line":13,"column":8},"end":{"line":14,"column":25}},{"start":{},"end":{}}],"line":13},"2":{"loc":{"start":{"line":16,"column":8},"end":{"line":17,"column":25}},"type":"if","locations":[{"start":{"line":16,"column":8},"end":{"line":17,"column":25}},{"start":{},"end":{}}],"line":16},"3":{"loc":{"start":{"line":18,"column":8},"end":{"line":19,"column":25}},"type":"if","locations":[{"start":{"line":18,"column":8},"end":{"line":19,"column":25}},{"start":{},"end":{}}],"line":18},"4":{"loc":{"start":{"line":36,"column":12},"end":{"line":37,"column":52}},"type":"if","locations":[{"start":{"line":36,"column":12},"end":{"line":37,"column":52}},{"start":{},"end":{}}],"line":36},"5":{"loc":{"start":{"line":40,"column":15},"end":{"line":40,"column":43}},"type":"cond-expr","locations":[{"start":{"line":40,"column":28},"end":{"line":40,"column":29}},{"start":{"line":40,"column":33},"end":{"line":40,"column":42}}],"line":40}},"s":{"0":7,"1":12,"2":12,"3":12,"4":12,"5":1,"6":11,"7":12,"8":0,"9":12,"10":12,"11":0,"12":12,"13":1,"14":11,"15":11,"16":11,"17":11,"18":11,"19":12,"20":12,"21":12,"22":53,"23":22,"24":22,"25":242,"26":209,"27":22,"28":22,"29":11,"30":7},"f":{"0":12,"1":12,"2":12,"3":12,"4":53,"5":22,"6":11},"b":{"0":[1,11],"1":[0,12],"2":[0,12],"3":[1,11],"4":[209,33],"5":[11,11]},"_coverageSchema":"1a1c01bbd47fc00a2c39e90264f33305004495a9","hash":"4514c900adae0dd737386e5d5c27fce0f5d0aa85"}
,"/Users/cleyton.gama/workspace/app-diaper-market/dist/src/checkout/domain/entity/Item.js": {"path":"/Users/cleyton.gama/workspace/app-diaper-market/dist/src/checkout/domain/entity/Item.js","statementMap":{"0":{"start":{"line":2,"column":0},"end":{"line":2,"column":62}},"1":{"start":{"line":5,"column":8},"end":{"line":5,"column":29}},"2":{"start":{"line":6,"column":8},"end":{"line":6,"column":33}},"3":{"start":{"line":7,"column":8},"end":{"line":7,"column":39}},"4":{"start":{"line":8,"column":8},"end":{"line":8,"column":27}},"5":{"start":{"line":9,"column":8},"end":{"line":9,"column":27}},"6":{"start":{"line":10,"column":8},"end":{"line":10,"column":29}},"7":{"start":{"line":11,"column":8},"end":{"line":11,"column":29}},"8":{"start":{"line":12,"column":8},"end":{"line":12,"column":29}},"9":{"start":{"line":15,"column":8},"end":{"line":15,"column":72}},"10":{"start":{"line":18,"column":8},"end":{"line":18,"column":70}},"11":{"start":{"line":21,"column":24},"end":{"line":21,"column":75}},"12":{"start":{"line":22,"column":8},"end":{"line":22,"column":45}},"13":{"start":{"line":25,"column":0},"end":{"line":25,"column":23}}},"fnMap":{"0":{"name":"(anonymous_0)","decl":{"start":{"line":4,"column":4},"end":{"line":4,"column":5}},"loc":{"start":{"line":4,"column":101},"end":{"line":13,"column":5}},"line":4},"1":{"name":"(anonymous_1)","decl":{"start":{"line":14,"column":4},"end":{"line":14,"column":5}},"loc":{"start":{"line":14,"column":16},"end":{"line":16,"column":5}},"line":14},"2":{"name":"(anonymous_2)","decl":{"start":{"line":17,"column":4},"end":{"line":17,"column":5}},"loc":{"start":{"line":17,"column":17},"end":{"line":19,"column":5}},"line":17},"3":{"name":"(anonymous_3)","decl":{"start":{"line":20,"column":4},"end":{"line":20,"column":5}},"loc":{"start":{"line":20,"column":17},"end":{"line":23,"column":5}},"line":20}},"branchMap":{"0":{"loc":{"start":{"line":4,"column":54},"end":{"line":4,"column":63}},"type":"default-arg","locations":[{"start":{"line":4,"column":62},"end":{"line":4,"column":63}}],"line":4},"1":{"loc":{"start":{"line":4,"column":65},"end":{"line":4,"column":75}},"type":"default-arg","locations":[{"start":{"line":4,"column":74},"end":{"line":4,"column":75}}],"line":4},"2":{"loc":{"start":{"line":4,"column":77},"end":{"line":4,"column":87}},"type":"default-arg","locations":[{"start":{"line":4,"column":86},"end":{"line":4,"column":87}}],"line":4},"3":{"loc":{"start":{"line":4,"column":89},"end":{"line":4,"column":99}},"type":"default-arg","locations":[{"start":{"line":4,"column":98},"end":{"line":4,"column":99}}],"line":4},"4":{"loc":{"start":{"line":18,"column":15},"end":{"line":18,"column":69}},"type":"cond-expr","locations":[{"start":{"line":18,"column":35},"end":{"line":18,"column":65}},{"start":{"line":18,"column":68},"end":{"line":18,"column":69}}],"line":18},"5":{"loc":{"start":{"line":22,"column":15},"end":{"line":22,"column":44}},"type":"cond-expr","locations":[{"start":{"line":22,"column":32},"end":{"line":22,"column":34}},{"start":{"line":22,"column":37},"end":{"line":22,"column":44}}],"line":22}},"s":{"0":7,"1":41,"2":41,"3":41,"4":41,"5":41,"6":41,"7":41,"8":41,"9":30,"10":18,"11":2,"12":2,"13":7},"f":{"0":41,"1":30,"2":18,"3":2},"b":{"0":[21],"1":[21],"2":[21],"3":[22],"4":[12,6],"5":[1,1]},"_coverageSchema":"1a1c01bbd47fc00a2c39e90264f33305004495a9","hash":"eb09e10e1cbecf271c2f120183ed3124962f4d16"}
,"/Users/cleyton.gama/workspace/app-diaper-market/dist/src/checkout/domain/entity/Order.js": {"path":"/Users/cleyton.gama/workspace/app-diaper-market/dist/src/checkout/domain/entity/Order.js","statementMap":{"0":{"start":{"line":2,"column":22},"end":{"line":4,"column":1}},"1":{"start":{"line":3,"column":4},"end":{"line":3,"column":62}},"2":{"start":{"line":5,"column":0},"end":{"line":5,"column":62}},"3":{"start":{"line":6,"column":14},"end":{"line":6,"column":47}},"4":{"start":{"line":7,"column":20},"end":{"line":7,"column":59}},"5":{"start":{"line":8,"column":20},"end":{"line":8,"column":59}},"6":{"start":{"line":11,"column":8},"end":{"line":11,"column":65}},"7":{"start":{"line":12,"column":8},"end":{"line":12,"column":42}},"8":{"start":{"line":13,"column":8},"end":{"line":13,"column":35}},"9":{"start":{"line":14,"column":8},"end":{"line":14,"column":33}},"10":{"start":{"line":15,"column":8},"end":{"line":15,"column":24}},"11":{"start":{"line":16,"column":8},"end":{"line":16,"column":25}},"12":{"start":{"line":17,"column":8},"end":{"line":17,"column":32}},"13":{"start":{"line":20,"column":8},"end":{"line":20,"column":111}},"14":{"start":{"line":23,"column":8},"end":{"line":24,"column":46}},"15":{"start":{"line":24,"column":12},"end":{"line":24,"column":46}},"16":{"start":{"line":25,"column":8},"end":{"line":25,"column":29}},"17":{"start":{"line":28,"column":8},"end":{"line":28,"column":34}},"18":{"start":{"line":30,"column":15},"end":{"line":30,"column":37}},"19":{"start":{"line":31,"column":16},"end":{"line":31,"column":39}},"20":{"start":{"line":32,"column":22},"end":{"line":32,"column":40}},"21":{"start":{"line":33,"column":26},"end":{"line":33,"column":97}},"22":{"start":{"line":34,"column":19},"end":{"line":34,"column":39}},"23":{"start":{"line":35,"column":26},"end":{"line":35,"column":49}},"24":{"start":{"line":36,"column":20},"end":{"line":36,"column":45}},"25":{"start":{"line":38,"column":20},"end":{"line":41,"column":13}},"26":{"start":{"line":39,"column":12},"end":{"line":39,"column":37}},"27":{"start":{"line":40,"column":12},"end":{"line":40,"column":25}},"28":{"start":{"line":42,"column":8},"end":{"line":44,"column":9}},"29":{"start":{"line":43,"column":12},"end":{"line":43,"column":60}},"30":{"start":{"line":45,"column":8},"end":{"line":45,"column":21}},"31":{"start":{"line":48,"column":0},"end":{"line":48,"column":24}}},"fnMap":{"0":{"name":"(anonymous_0)","decl":{"start":{"line":2,"column":56},"end":{"line":2,"column":57}},"loc":{"start":{"line":2,"column":71},"end":{"line":4,"column":1}},"line":2},"1":{"name":"(anonymous_1)","decl":{"start":{"line":10,"column":4},"end":{"line":10,"column":5}},"loc":{"start":{"line":10,"column":63},"end":{"line":18,"column":5}},"line":10},"2":{"name":"(anonymous_2)","decl":{"start":{"line":19,"column":4},"end":{"line":19,"column":5}},"loc":{"start":{"line":19,"column":28},"end":{"line":21,"column":5}},"line":19},"3":{"name":"(anonymous_3)","decl":{"start":{"line":22,"column":4},"end":{"line":22,"column":5}},"loc":{"start":{"line":22,"column":22},"end":{"line":26,"column":5}},"line":22},"4":{"name":"(anonymous_4)","decl":{"start":{"line":27,"column":4},"end":{"line":27,"column":5}},"loc":{"start":{"line":27,"column":13},"end":{"line":29,"column":5}},"line":27},"5":{"name":"(anonymous_5)","decl":{"start":{"line":30,"column":4},"end":{"line":30,"column":5}},"loc":{"start":{"line":30,"column":13},"end":{"line":30,"column":39}},"line":30},"6":{"name":"(anonymous_6)","decl":{"start":{"line":31,"column":4},"end":{"line":31,"column":5}},"loc":{"start":{"line":31,"column":14},"end":{"line":31,"column":41}},"line":31},"7":{"name":"(anonymous_7)","decl":{"start":{"line":32,"column":4},"end":{"line":32,"column":5}},"loc":{"start":{"line":32,"column":20},"end":{"line":32,"column":42}},"line":32},"8":{"name":"(anonymous_8)","decl":{"start":{"line":33,"column":4},"end":{"line":33,"column":5}},"loc":{"start":{"line":33,"column":16},"end":{"line":33,"column":99}},"line":33},"9":{"name":"(anonymous_9)","decl":{"start":{"line":34,"column":4},"end":{"line":34,"column":5}},"loc":{"start":{"line":34,"column":17},"end":{"line":34,"column":41}},"line":34},"10":{"name":"(anonymous_10)","decl":{"start":{"line":35,"column":4},"end":{"line":35,"column":5}},"loc":{"start":{"line":35,"column":24},"end":{"line":35,"column":51}},"line":35},"11":{"name":"(anonymous_11)","decl":{"start":{"line":36,"column":4},"end":{"line":36,"column":5}},"loc":{"start":{"line":36,"column":18},"end":{"line":36,"column":47}},"line":36},"12":{"name":"(anonymous_12)","decl":{"start":{"line":37,"column":4},"end":{"line":37,"column":5}},"loc":{"start":{"line":37,"column":25},"end":{"line":46,"column":5}},"line":37},"13":{"name":"(anonymous_13)","decl":{"start":{"line":38,"column":38},"end":{"line":38,"column":39}},"loc":{"start":{"line":38,"column":55},"end":{"line":41,"column":9}},"line":38}},"branchMap":{"0":{"loc":{"start":{"line":2,"column":22},"end":{"line":4,"column":1}},"type":"binary-expr","locations":[{"start":{"line":2,"column":23},"end":{"line":2,"column":27}},{"start":{"line":2,"column":31},"end":{"line":2,"column":51}},{"start":{"line":2,"column":56},"end":{"line":4,"column":1}}],"line":2},"1":{"loc":{"start":{"line":3,"column":11},"end":{"line":3,"column":61}},"type":"cond-expr","locations":[{"start":{"line":3,"column":37},"end":{"line":3,"column":40}},{"start":{"line":3,"column":43},"end":{"line":3,"column":61}}],"line":3},"2":{"loc":{"start":{"line":3,"column":12},"end":{"line":3,"column":33}},"type":"binary-expr","locations":[{"start":{"line":3,"column":12},"end":{"line":3,"column":15}},{"start":{"line":3,"column":19},"end":{"line":3,"column":33}}],"line":3},"3":{"loc":{"start":{"line":10,"column":23},"end":{"line":10,"column":45}},"type":"default-arg","locations":[{"start":{"line":10,"column":35},"end":{"line":10,"column":45}}],"line":10},"4":{"loc":{"start":{"line":10,"column":47},"end":{"line":10,"column":59}},"type":"default-arg","locations":[{"start":{"line":10,"column":58},"end":{"line":10,"column":59}}],"line":10},"5":{"loc":{"start":{"line":23,"column":8},"end":{"line":24,"column":46}},"type":"if","locations":[{"start":{"line":23,"column":8},"end":{"line":24,"column":46}},{"start":{},"end":{}}],"line":23},"6":{"loc":{"start":{"line":33,"column":33},"end":{"line":33,"column":96}},"type":"cond-expr","locations":[{"start":{"line":33,"column":80},"end":{"line":33,"column":86}},{"start":{"line":33,"column":89},"end":{"line":33,"column":96}}],"line":33},"7":{"loc":{"start":{"line":33,"column":33},"end":{"line":33,"column":77}},"type":"binary-expr","locations":[{"start":{"line":33,"column":33},"end":{"line":33,"column":60}},{"start":{"line":33,"column":64},"end":{"line":33,"column":77}}],"line":33},"8":{"loc":{"start":{"line":42,"column":8},"end":{"line":44,"column":9}},"type":"if","locations":[{"start":{"line":42,"column":8},"end":{"line":44,"column":9}},{"start":{},"end":{}}],"line":42}},"s":{"0":6,"1":18,"2":6,"3":6,"4":6,"5":6,"6":10,"7":10,"8":10,"9":10,"10":10,"11":10,"12":10,"13":27,"14":6,"15":0,"16":6,"17":1,"18":2,"19":6,"20":7,"21":2,"22":2,"23":5,"24":1,"25":8,"26":24,"27":24,"28":8,"29":7,"30":8,"31":6},"f":{"0":18,"1":10,"2":27,"3":6,"4":1,"5":2,"6":6,"7":7,"8":2,"9":2,"10":5,"11":1,"12":8,"13":24},"b":{"0":[6,6,6],"1":[18,0],"2":[18,18],"3":[0],"4":[0],"5":[0,6],"6":[0,2],"7":[2,2],"8":[7,1]},"_coverageSchema":"1a1c01bbd47fc00a2c39e90264f33305004495a9","hash":"148ae19955343cbbec7cd62be18e710a226d6c79"}
,"/Users/cleyton.gama/workspace/app-diaper-market/dist/src/checkout/domain/entity/OrderCode.js": {"path":"/Users/cleyton.gama/workspace/app-diaper-market/dist/src/checkout/domain/entity/OrderCode.js","statementMap":{"0":{"start":{"line":2,"column":0},"end":{"line":2,"column":62}},"1":{"start":{"line":5,"column":8},"end":{"line":6,"column":49}},"2":{"start":{"line":6,"column":12},"end":{"line":6,"column":49}},"3":{"start":{"line":7,"column":21},"end":{"line":7,"column":39}},"4":{"start":{"line":8,"column":29},"end":{"line":8,"column":59}},"5":{"start":{"line":9,"column":8},"end":{"line":9,"column":46}},"6":{"start":{"line":12,"column":0},"end":{"line":12,"column":28}}},"fnMap":{"0":{"name":"(anonymous_0)","decl":{"start":{"line":4,"column":4},"end":{"line":4,"column":5}},"loc":{"start":{"line":4,"column":32},"end":{"line":10,"column":5}},"line":4}},"branchMap":{"0":{"loc":{"start":{"line":5,"column":8},"end":{"line":6,"column":49}},"type":"if","locations":[{"start":{"line":5,"column":8},"end":{"line":6,"column":49}},{"start":{},"end":{}}],"line":5},"1":{"loc":{"start":{"line":5,"column":12},"end":{"line":5,"column":56}},"type":"binary-expr","locations":[{"start":{"line":5,"column":12},"end":{"line":5,"column":21}},{"start":{"line":5,"column":25},"end":{"line":5,"column":56}}],"line":5}},"s":{"0":7,"1":11,"2":0,"3":11,"4":11,"5":11,"6":7},"f":{"0":11},"b":{"0":[0,11],"1":[11,11]},"_coverageSchema":"1a1c01bbd47fc00a2c39e90264f33305004495a9","hash":"94c6977921734bd50a274af017c53681952d9ea8"}
,"/Users/cleyton.gama/workspace/app-diaper-market/dist/src/checkout/domain/entity/OrderItem.js": {"path":"/Users/cleyton.gama/workspace/app-diaper-market/dist/src/checkout/domain/entity/OrderItem.js","statementMap":{"0":{"start":{"line":2,"column":0},"end":{"line":2,"column":62}},"1":{"start":{"line":5,"column":8},"end":{"line":5,"column":25}},"2":{"start":{"line":6,"column":8},"end":{"line":6,"column":27}},"3":{"start":{"line":7,"column":8},"end":{"line":7,"column":33}},"4":{"start":{"line":10,"column":8},"end":{"line":10,"column":42}},"5":{"start":{"line":13,"column":0},"end":{"line":13,"column":28}}},"fnMap":{"0":{"name":"(anonymous_0)","decl":{"start":{"line":4,"column":4},"end":{"line":4,"column":5}},"loc":{"start":{"line":4,"column":43},"end":{"line":8,"column":5}},"line":4},"1":{"name":"(anonymous_1)","decl":{"start":{"line":9,"column":4},"end":{"line":9,"column":5}},"loc":{"start":{"line":9,"column":15},"end":{"line":11,"column":5}},"line":9}},"branchMap":{},"s":{"0":7,"1":28,"2":28,"3":28,"4":25,"5":7},"f":{"0":28,"1":25},"b":{},"_coverageSchema":"1a1c01bbd47fc00a2c39e90264f33305004495a9","hash":"e9244656deb9fa3a7fad591af1dff46ed4e1fd88"}
,"/Users/cleyton.gama/workspace/app-diaper-market/dist/src/checkout/domain/entity/Produto.js": {"path":"/Users/cleyton.gama/workspace/app-diaper-market/dist/src/checkout/domain/entity/Produto.js","statementMap":{"0":{"start":{"line":2,"column":0},"end":{"line":2,"column":62}},"1":{"start":{"line":6,"column":0},"end":{"line":6,"column":26}}},"fnMap":{"0":{"name":"(anonymous_0)","decl":{"start":{"line":4,"column":4},"end":{"line":4,"column":5}},"loc":{"start":{"line":4,"column":18},"end":{"line":4,"column":21}},"line":4}},"branchMap":{},"s":{"0":0,"1":0},"f":{"0":0},"b":{}}
,"/Users/cleyton.gama/workspace/app-diaper-market/dist/src/checkout/domain/factory/AbstractRepositoryFactory.js": {"path":"/Users/cleyton.gama/workspace/app-diaper-market/dist/src/checkout/domain/factory/AbstractRepositoryFactory.js","statementMap":{"0":{"start":{"line":2,"column":0},"end":{"line":2,"column":62}}},"fnMap":{},"branchMap":{},"s":{"0":0},"f":{},"b":{}}
,"/Users/cleyton.gama/workspace/app-diaper-market/dist/src/checkout/domain/repository/ICouponRepository.js": {"path":"/Users/cleyton.gama/workspace/app-diaper-market/dist/src/checkout/domain/repository/ICouponRepository.js","statementMap":{"0":{"start":{"line":2,"column":0},"end":{"line":2,"column":62}}},"fnMap":{},"branchMap":{},"s":{"0":0},"f":{},"b":{}}
,"/Users/cleyton.gama/workspace/app-diaper-market/dist/src/checkout/domain/repository/IItemRepository.js": {"path":"/Users/cleyton.gama/workspace/app-diaper-market/dist/src/checkout/domain/repository/IItemRepository.js","statementMap":{"0":{"start":{"line":2,"column":0},"end":{"line":2,"column":62}}},"fnMap":{},"branchMap":{},"s":{"0":0},"f":{},"b":{}}
,"/Users/cleyton.gama/workspace/app-diaper-market/dist/src/checkout/domain/repository/IOrderRepository.js": {"path":"/Users/cleyton.gama/workspace/app-diaper-market/dist/src/checkout/domain/repository/IOrderRepository.js","statementMap":{"0":{"start":{"line":2,"column":0},"end":{"line":2,"column":62}}},"fnMap":{},"branchMap":{},"s":{"0":0},"f":{},"b":{}}
,"/Users/cleyton.gama/workspace/app-diaper-market/dist/src/checkout/domain/service/FreightCalculator.js": {"path":"/Users/cleyton.gama/workspace/app-diaper-market/dist/src/checkout/domain/service/FreightCalculator.js","statementMap":{"0":{"start":{"line":2,"column":0},"end":{"line":2,"column":62}},"1":{"start":{"line":5,"column":24},"end":{"line":5,"column":75}},"2":{"start":{"line":6,"column":8},"end":{"line":6,"column":45}},"3":{"start":{"line":9,"column":0},"end":{"line":9,"column":36}}},"fnMap":{"0":{"name":"(anonymous_0)","decl":{"start":{"line":4,"column":4},"end":{"line":4,"column":5}},"loc":{"start":{"line":4,"column":27},"end":{"line":7,"column":5}},"line":4}},"branchMap":{"0":{"loc":{"start":{"line":6,"column":15},"end":{"line":6,"column":44}},"type":"cond-expr","locations":[{"start":{"line":6,"column":32},"end":{"line":6,"column":34}},{"start":{"line":6,"column":37},"end":{"line":6,"column":44}}],"line":6}},"s":{"0":5,"1":15,"2":15,"3":5},"f":{"0":15},"b":{"0":[6,9]},"_coverageSchema":"1a1c01bbd47fc00a2c39e90264f33305004495a9","hash":"2860df4608a4328e6f6687b9a0ff8afbc5a845c5"}
}
