TN:
SF:dist/src/checkout/application/dto/GetOrderDTO.js
FN:5,(anonymous_0)
FN:7,(anonymous_1)
FN:11,(anonymous_2)
FNF:3
FNH:2
FNDA:2,(anonymous_0)
FNDA:0,(anonymous_1)
FNDA:59,(anonymous_2)
DA:2,2
DA:3,2
DA:5,2
DA:9,2
DA:12,59
DA:13,59
DA:14,59
DA:15,59
DA:18,2
LF:9
LH:9
BRDA:19,0,0,2
BRDA:19,0,1,2
BRF:2
BRH:2
end_of_record
TN:
SF:dist/src/checkout/application/dto/GetOrdersDTO.js
FN:5,(anonymous_0)
FN:7,(anonymous_1)
FN:11,(anonymous_2)
FNF:3
FNH:0
FNDA:0,(anonymous_0)
FNDA:0,(anonymous_1)
FNDA:0,(anonymous_2)
DA:2,0
DA:3,0
DA:5,0
DA:9,0
DA:13,0
LF:5
LH:0
BRDA:14,0,0,0
BRDA:14,0,1,0
BRF:2
BRH:0
end_of_record
TN:
SF:dist/src/checkout/application/dto/OrderDTO.js
FN:5,(anonymous_0)
FN:7,(anonymous_1)
FNF:2
FNH:0
FNDA:0,(anonymous_0)
FNDA:0,(anonymous_1)
DA:2,0
DA:3,0
DA:5,0
DA:8,0
DA:9,0
DA:10,0
DA:11,0
DA:12,0
DA:15,0
LF:9
LH:0
BRDA:16,0,0,0
BRDA:16,0,1,0
BRF:2
BRH:0
end_of_record
TN:
SF:dist/src/checkout/application/dto/OrderItemDTO.js
FN:5,(anonymous_0)
FN:7,(anonymous_1)
FNF:2
FNH:0
FNDA:0,(anonymous_0)
FNDA:0,(anonymous_1)
DA:2,0
DA:3,0
DA:5,0
DA:8,0
DA:9,0
DA:10,0
DA:13,0
LF:7
LH:0
BRDA:14,0,0,0
BRDA:14,0,1,0
BRF:2
BRH:0
end_of_record
TN:
SF:dist/src/checkout/application/dto/PlaceOrderDTO.js
FN:5,(anonymous_0)
FN:7,(anonymous_1)
FN:16,(anonymous_2)
FNF:3
FNH:3
FNDA:4,(anonymous_0)
FNDA:4,(anonymous_1)
FNDA:4,(anonymous_2)
DA:2,4
DA:3,4
DA:5,4
DA:8,4
DA:9,4
DA:10,4
DA:11,4
DA:14,4
DA:17,4
DA:18,4
DA:21,4
LF:11
LH:11
BRDA:22,0,0,4
BRDA:22,0,1,4
BRF:2
BRH:2
end_of_record
TN:
SF:dist/src/checkout/application/dto/SimulateFreightDTO.js
FN:5,(anonymous_0)
FN:7,(anonymous_1)
FN:13,(anonymous_2)
FNF:3
FNH:2
FNDA:1,(anonymous_0)
FNDA:1,(anonymous_1)
FNDA:0,(anonymous_2)
DA:2,1
DA:3,1
DA:5,1
DA:8,1
DA:11,1
DA:16,1
LF:6
LH:6
BRDA:17,0,0,1
BRDA:17,0,1,1
BRF:2
BRH:2
end_of_record
TN:
SF:dist/src/checkout/application/dto/ValidateCouponDTO.js
FN:5,(anonymous_0)
FN:7,(anonymous_1)
FNF:2
FNH:0
FNDA:0,(anonymous_0)
FNDA:0,(anonymous_1)
DA:2,0
DA:3,0
DA:5,0
DA:8,0
DA:9,0
DA:12,0
LF:6
LH:0
BRDA:13,0,0,0
BRDA:13,0,1,0
BRF:2
BRH:0
end_of_record
TN:
SF:dist/src/checkout/application/query/GetOrder.js
FN:2,(anonymous_0)
FN:3,adopt
FN:3,(anonymous_2)
FN:4,(anonymous_3)
FN:5,fulfilled
FN:6,rejected
FN:7,step
FN:14,(anonymous_7)
FN:17,(anonymous_8)
FN:18,(anonymous_9)
FNF:10
FNH:8
FNDA:1,(anonymous_0)
FNDA:2,adopt
FNDA:0,(anonymous_2)
FNDA:1,(anonymous_3)
FNDA:2,fulfilled
FNDA:0,rejected
FNDA:3,step
FNDA:1,(anonymous_7)
FNDA:1,(anonymous_8)
FNDA:1,(anonymous_9)
DA:2,1
DA:3,2
DA:4,1
DA:5,2
DA:6,0
DA:7,3
DA:8,1
DA:11,1
DA:12,1
DA:15,1
DA:18,1
DA:19,1
DA:20,1
DA:21,1
DA:28,1
DA:32,1
LF:16
LH:15
BRDA:2,0,0,1
BRDA:2,0,1,1
BRDA:2,0,2,1
BRDA:3,1,0,2
BRDA:3,1,1,0
BRDA:4,2,0,1
BRDA:4,2,1,1
BRDA:7,3,0,1
BRDA:7,3,1,2
BRDA:8,4,0,1
BRDA:8,4,1,1
BRF:11
BRH:10
end_of_record
TN:
SF:dist/src/checkout/application/query/GetOrders.js
FN:2,(anonymous_0)
FN:3,adopt
FN:3,(anonymous_2)
FN:4,(anonymous_3)
FN:5,fulfilled
FN:6,rejected
FN:7,step
FN:14,(anonymous_7)
FN:17,(anonymous_8)
FN:18,(anonymous_9)
FNF:10
FNH:8
FNDA:1,(anonymous_0)
FNDA:59,adopt
FNDA:0,(anonymous_2)
FNDA:1,(anonymous_3)
FNDA:59,fulfilled
FNDA:0,rejected
FNDA:60,step
FNDA:1,(anonymous_7)
FNDA:1,(anonymous_8)
FNDA:1,(anonymous_9)
DA:2,1
DA:3,59
DA:4,1
DA:5,59
DA:6,0
DA:7,60
DA:8,1
DA:11,1
DA:12,1
DA:15,1
DA:18,1
DA:19,1
DA:20,1
DA:21,1
DA:22,58
DA:23,58
DA:30,58
DA:32,1
DA:36,1
LF:19
LH:18
BRDA:2,0,0,1
BRDA:2,0,1,1
BRDA:2,0,2,1
BRDA:3,1,0,59
BRDA:3,1,1,0
BRDA:4,2,0,1
BRDA:4,2,1,1
BRDA:7,3,0,1
BRDA:7,3,1,59
BRDA:8,4,0,1
BRDA:8,4,1,1
BRF:11
BRH:10
end_of_record
TN:
SF:dist/src/checkout/application/query/IOrderDAO.js
FNF:0
FNH:0
DA:2,0
LF:1
LH:0
BRF:0
BRH:0
end_of_record
TN:
SF:dist/src/checkout/application/usecase/CancelOrder.js
FN:2,(anonymous_0)
FN:3,adopt
FN:3,(anonymous_2)
FN:4,(anonymous_3)
FN:5,fulfilled
FN:6,rejected
FN:7,step
FN:11,(anonymous_7)
FN:17,(anonymous_8)
FN:21,(anonymous_9)
FN:22,(anonymous_10)
FN:27,(anonymous_11)
FNF:12
FNH:10
FNDA:1,(anonymous_0)
FNDA:2,adopt
FNDA:0,(anonymous_2)
FNDA:1,(anonymous_3)
FNDA:2,fulfilled
FNDA:0,rejected
FNDA:3,step
FNDA:1,(anonymous_7)
FNDA:1,(anonymous_8)
FNDA:1,(anonymous_9)
FNDA:1,(anonymous_10)
FNDA:3,(anonymous_11)
DA:2,1
DA:3,2
DA:4,1
DA:5,2
DA:6,0
DA:7,3
DA:8,1
DA:11,1
DA:12,1
DA:14,1
DA:15,1
DA:18,1
DA:19,1
DA:22,1
DA:23,1
DA:24,1
DA:25,1
DA:26,1
DA:27,3
DA:28,1
DA:32,1
LF:21
LH:20
BRDA:2,0,0,1
BRDA:2,0,1,1
BRDA:2,0,2,1
BRDA:3,1,0,2
BRDA:3,1,1,0
BRDA:4,2,0,1
BRDA:4,2,1,1
BRDA:7,3,0,1
BRDA:7,3,1,2
BRDA:8,4,0,1
BRDA:8,4,1,1
BRDA:11,5,0,1
BRDA:11,5,1,1
BRDA:11,5,2,1
BRDA:12,6,0,1
BRDA:12,6,1,0
BRDA:12,7,0,1
BRDA:12,7,1,1
BRF:18
BRH:16
end_of_record
TN:
SF:dist/src/checkout/application/usecase/PlaceOrder.js
FN:2,(anonymous_0)
FN:3,adopt
FN:3,(anonymous_2)
FN:4,(anonymous_3)
FN:5,fulfilled
FN:6,rejected
FN:7,step
FN:11,(anonymous_7)
FN:20,(anonymous_8)
FN:26,(anonymous_9)
FN:27,(anonymous_10)
FN:42,(anonymous_11)
FNF:12
FNH:10
FNDA:4,(anonymous_0)
FNDA:28,adopt
FNDA:0,(anonymous_2)
FNDA:4,(anonymous_3)
FNDA:28,fulfilled
FNDA:0,rejected
FNDA:32,step
FNDA:12,(anonymous_7)
FNDA:4,(anonymous_8)
FNDA:4,(anonymous_9)
FNDA:4,(anonymous_10)
FNDA:12,(anonymous_11)
DA:2,4
DA:3,28
DA:4,4
DA:5,28
DA:6,0
DA:7,32
DA:8,4
DA:11,4
DA:12,12
DA:14,4
DA:15,4
DA:16,4
DA:17,4
DA:18,4
DA:21,4
DA:22,4
DA:23,4
DA:24,4
DA:27,4
DA:28,4
DA:29,4
DA:30,4
DA:31,4
DA:32,12
DA:33,12
DA:34,12
DA:36,4
DA:37,4
DA:38,4
DA:39,4
DA:41,4
DA:42,12
DA:43,4
DA:44,4
DA:45,4
DA:46,4
DA:50,4
LF:37
LH:36
BRDA:2,0,0,4
BRDA:2,0,1,4
BRDA:2,0,2,4
BRDA:3,1,0,28
BRDA:3,1,1,0
BRDA:4,2,0,4
BRDA:4,2,1,4
BRDA:7,3,0,4
BRDA:7,3,1,28
BRDA:8,4,0,4
BRDA:8,4,1,4
BRDA:11,5,0,4
BRDA:11,5,1,4
BRDA:11,5,2,4
BRDA:12,6,0,12
BRDA:12,6,1,0
BRDA:12,7,0,12
BRDA:12,7,1,12
BRDA:37,8,0,4
BRDA:37,8,1,0
BRF:20
BRH:17
end_of_record
TN:
SF:dist/src/checkout/application/usecase/SimulateFreight.js
FN:2,(anonymous_0)
FN:3,adopt
FN:3,(anonymous_2)
FN:4,(anonymous_3)
FN:5,fulfilled
FN:6,rejected
FN:7,step
FN:11,(anonymous_7)
FN:17,(anonymous_8)
FN:21,(anonymous_9)
FN:22,(anonymous_10)
FNF:11
FNH:9
FNDA:1,(anonymous_0)
FNDA:3,adopt
FNDA:0,(anonymous_2)
FNDA:1,(anonymous_3)
FNDA:3,fulfilled
FNDA:0,rejected
FNDA:4,step
FNDA:1,(anonymous_7)
FNDA:1,(anonymous_8)
FNDA:1,(anonymous_9)
FNDA:1,(anonymous_10)
DA:2,1
DA:3,3
DA:4,1
DA:5,3
DA:6,0
DA:7,4
DA:8,1
DA:11,1
DA:12,1
DA:14,1
DA:15,1
DA:18,1
DA:19,1
DA:22,1
DA:23,1
DA:24,1
DA:25,3
DA:26,3
DA:28,1
DA:32,1
LF:20
LH:19
BRDA:2,0,0,1
BRDA:2,0,1,1
BRDA:2,0,2,1
BRDA:3,1,0,3
BRDA:3,1,1,0
BRDA:4,2,0,1
BRDA:4,2,1,1
BRDA:7,3,0,1
BRDA:7,3,1,3
BRDA:8,4,0,1
BRDA:8,4,1,1
BRDA:11,5,0,1
BRDA:11,5,1,1
BRDA:11,5,2,1
BRDA:12,6,0,1
BRDA:12,6,1,0
BRDA:12,7,0,1
BRDA:12,7,1,1
BRF:18
BRH:16
end_of_record
TN:
SF:dist/src/checkout/application/usecase/ValidateCoupon.js
FN:2,(anonymous_0)
FN:3,adopt
FN:3,(anonymous_2)
FN:4,(anonymous_3)
FN:5,fulfilled
FN:6,rejected
FN:7,step
FN:13,(anonymous_7)
FN:16,(anonymous_8)
FN:17,(anonymous_9)
FNF:10
FNH:8
FNDA:1,(anonymous_0)
FNDA:1,adopt
FNDA:0,(anonymous_2)
FNDA:1,(anonymous_3)
FNDA:1,fulfilled
FNDA:0,rejected
FNDA:2,step
FNDA:1,(anonymous_7)
FNDA:1,(anonymous_8)
FNDA:1,(anonymous_9)
DA:2,1
DA:3,1
DA:4,1
DA:5,1
DA:6,0
DA:7,2
DA:8,1
DA:11,1
DA:14,1
DA:17,1
DA:18,1
DA:19,1
DA:20,1
DA:24,1
LF:14
LH:13
BRDA:2,0,0,1
BRDA:2,0,1,1
BRDA:2,0,2,1
BRDA:3,1,0,1
BRDA:3,1,1,0
BRDA:4,2,0,1
BRDA:4,2,1,1
BRDA:7,3,0,1
BRDA:7,3,1,1
BRDA:8,4,0,1
BRDA:8,4,1,1
BRF:11
BRH:10
end_of_record
TN:
SF:dist/src/checkout/domain/entity/Coupon.js
FN:4,(anonymous_0)
FN:9,(anonymous_1)
FN:14,(anonymous_2)
FNF:3
FNH:3
FNDA:10,(anonymous_0)
FNDA:10,(anonymous_1)
FNDA:1,(anonymous_2)
DA:2,8
DA:5,10
DA:6,10
DA:7,10
DA:10,10
DA:11,2
DA:12,8
DA:15,1
DA:18,8
LF:9
LH:9
BRDA:9,0,0,6
BRDA:10,1,0,2
BRDA:10,1,1,8
BRDA:14,2,0,0
BRF:4
BRH:3
end_of_record
TN:
SF:dist/src/checkout/domain/entity/Cpf.js
FN:4,(anonymous_0)
FN:12,(anonymous_1)
FN:26,(anonymous_2)
FN:29,(anonymous_3)
FN:31,(anonymous_4)
FN:33,(anonymous_5)
FN:42,(anonymous_6)
FNF:7
FNH:7
FNDA:12,(anonymous_0)
FNDA:12,(anonymous_1)
FNDA:12,(anonymous_2)
FNDA:12,(anonymous_3)
FNDA:53,(anonymous_4)
FNDA:22,(anonymous_5)
FNDA:11,(anonymous_6)
DA:2,7
DA:5,12
DA:6,12
DA:7,12
DA:8,12
DA:9,1
DA:10,11
DA:13,12
DA:14,0
DA:15,12
DA:16,12
DA:17,0
DA:18,12
DA:19,1
DA:20,11
DA:21,11
DA:22,11
DA:23,11
DA:24,11
DA:27,12
DA:30,12
DA:31,53
DA:34,22
DA:35,22
DA:36,242
DA:37,209
DA:39,22
DA:40,22
DA:43,11
DA:46,7
LF:30
LH:28
BRDA:8,0,0,1
BRDA:8,0,1,11
BRDA:13,1,0,0
BRDA:13,1,1,12
BRDA:16,2,0,0
BRDA:16,2,1,12
BRDA:18,3,0,1
BRDA:18,3,1,11
BRDA:36,4,0,209
BRDA:36,4,1,33
BRDA:40,5,0,11
BRDA:40,5,1,11
BRF:12
BRH:10
end_of_record
TN:
SF:dist/src/checkout/domain/entity/Item.js
FN:4,(anonymous_0)
FN:14,(anonymous_1)
FN:17,(anonymous_2)
FN:20,(anonymous_3)
FNF:4
FNH:4
FNDA:41,(anonymous_0)
FNDA:30,(anonymous_1)
FNDA:18,(anonymous_2)
FNDA:2,(anonymous_3)
DA:2,7
DA:5,41
DA:6,41
DA:7,41
DA:8,41
DA:9,41
DA:10,41
DA:11,41
DA:12,41
DA:15,30
DA:18,18
DA:21,2
DA:22,2
DA:25,7
LF:14
LH:14
BRDA:4,0,0,21
BRDA:4,1,0,21
BRDA:4,2,0,21
BRDA:4,3,0,22
BRDA:18,4,0,12
BRDA:18,4,1,6
BRDA:22,5,0,1
BRDA:22,5,1,1
BRF:8
BRH:8
end_of_record
TN:
SF:dist/src/checkout/domain/entity/Order.js
FN:2,(anonymous_0)
FN:10,(anonymous_1)
FN:19,(anonymous_2)
FN:22,(anonymous_3)
FN:27,(anonymous_4)
FN:30,(anonymous_5)
FN:31,(anonymous_6)
FN:32,(anonymous_7)
FN:33,(anonymous_8)
FN:34,(anonymous_9)
FN:35,(anonymous_10)
FN:36,(anonymous_11)
FN:37,(anonymous_12)
FN:38,(anonymous_13)
FNF:14
FNH:14
FNDA:18,(anonymous_0)
FNDA:10,(anonymous_1)
FNDA:27,(anonymous_2)
FNDA:6,(anonymous_3)
FNDA:1,(anonymous_4)
FNDA:2,(anonymous_5)
FNDA:6,(anonymous_6)
FNDA:7,(anonymous_7)
FNDA:2,(anonymous_8)
FNDA:2,(anonymous_9)
FNDA:5,(anonymous_10)
FNDA:1,(anonymous_11)
FNDA:8,(anonymous_12)
FNDA:24,(anonymous_13)
DA:2,6
DA:3,18
DA:5,6
DA:6,6
DA:7,6
DA:8,6
DA:11,10
DA:12,10
DA:13,10
DA:14,10
DA:15,10
DA:16,10
DA:17,10
DA:20,27
DA:23,6
DA:24,0
DA:25,6
DA:28,1
DA:30,2
DA:31,6
DA:32,7
DA:33,2
DA:34,2
DA:35,5
DA:36,1
DA:38,8
DA:39,24
DA:40,24
DA:42,8
DA:43,7
DA:45,8
DA:48,6
LF:32
LH:31
BRDA:2,0,0,6
BRDA:2,0,1,6
BRDA:2,0,2,6
BRDA:3,1,0,18
BRDA:3,1,1,0
BRDA:3,2,0,18
BRDA:3,2,1,18
BRDA:10,3,0,0
BRDA:10,4,0,0
BRDA:23,5,0,0
BRDA:23,5,1,6
BRDA:33,6,0,0
BRDA:33,6,1,2
BRDA:33,7,0,2
BRDA:33,7,1,2
BRDA:42,8,0,7
BRDA:42,8,1,1
BRF:17
BRH:12
end_of_record
TN:
SF:dist/src/checkout/domain/entity/OrderCode.js
FN:4,(anonymous_0)
FNF:1
FNH:1
FNDA:11,(anonymous_0)
DA:2,7
DA:5,11
DA:6,0
DA:7,11
DA:8,11
DA:9,11
DA:12,7
LF:7
LH:6
BRDA:5,0,0,0
BRDA:5,0,1,11
BRDA:5,1,0,11
BRDA:5,1,1,11
BRF:4
BRH:3
end_of_record
TN:
SF:dist/src/checkout/domain/entity/OrderItem.js
FN:4,(anonymous_0)
FN:9,(anonymous_1)
FNF:2
FNH:2
FNDA:28,(anonymous_0)
FNDA:25,(anonymous_1)
DA:2,7
DA:5,28
DA:6,28
DA:7,28
DA:10,25
DA:13,7
LF:6
LH:6
BRF:0
BRH:0
end_of_record
TN:
SF:dist/src/checkout/domain/entity/Produto.js
FN:4,(anonymous_0)
FNF:1
FNH:0
FNDA:0,(anonymous_0)
DA:2,0
DA:6,0
LF:2
LH:0
BRF:0
BRH:0
end_of_record
TN:
SF:dist/src/checkout/domain/factory/AbstractRepositoryFactory.js
FNF:0
FNH:0
DA:2,0
LF:1
LH:0
BRF:0
BRH:0
end_of_record
TN:
SF:dist/src/checkout/domain/repository/ICouponRepository.js
FNF:0
FNH:0
DA:2,0
LF:1
LH:0
BRF:0
BRH:0
end_of_record
TN:
SF:dist/src/checkout/domain/repository/IItemRepository.js
FNF:0
FNH:0
DA:2,0
LF:1
LH:0
BRF:0
BRH:0
end_of_record
TN:
SF:dist/src/checkout/domain/repository/IOrderRepository.js
FNF:0
FNH:0
DA:2,0
LF:1
LH:0
BRF:0
BRH:0
end_of_record
TN:
SF:dist/src/checkout/domain/service/FreightCalculator.js
FN:4,(anonymous_0)
FNF:1
FNH:1
FNDA:15,(anonymous_0)
DA:2,5
DA:5,15
DA:6,15
DA:9,5
LF:4
LH:4
BRDA:6,0,0,6
BRDA:6,0,1,9
BRF:2
BRH:2
end_of_record
