TN:
SF:dist/src/application/dto/GetOrderDTO.js
FN:5,(anonymous_0)
FN:7,(anonymous_1)
FN:11,(anonymous_2)
FNF:3
FNH:2
FNDA:2,(anonymous_0)
FNDA:0,(anonymous_1)
FNDA:40,(anonymous_2)
DA:2,2
DA:3,2
DA:5,2
DA:9,2
DA:12,40
DA:13,40
DA:14,40
DA:15,40
DA:18,2
LF:9
LH:9
BRDA:19,0,0,2
BRDA:19,0,1,2
BRF:2
BRH:2
end_of_record
TN:
SF:dist/src/application/dto/GetOrdersDTO.js
FN:5,(anonymous_0)
FN:7,(anonymous_1)
FN:11,(anonymous_2)
FNF:3
FNH:0
FNDA:0,(anonymous_0)
FNDA:0,(anonymous_1)
FNDA:0,(anonymous_2)
DA:2,0
DA:3,0
DA:5,0
DA:9,0
DA:13,0
LF:5
LH:0
BRDA:14,0,0,0
BRDA:14,0,1,0
BRF:2
BRH:0
end_of_record
TN:
SF:dist/src/application/dto/OrderDTO.js
FN:5,(anonymous_0)
FN:7,(anonymous_1)
FNF:2
FNH:0
FNDA:0,(anonymous_0)
FNDA:0,(anonymous_1)
DA:2,0
DA:3,0
DA:5,0
DA:8,0
DA:9,0
DA:10,0
DA:11,0
DA:12,0
DA:15,0
LF:9
LH:0
BRDA:16,0,0,0
BRDA:16,0,1,0
BRF:2
BRH:0
end_of_record
TN:
SF:dist/src/application/dto/OrderItemDTO.js
FN:5,(anonymous_0)
FN:7,(anonymous_1)
FNF:2
FNH:0
FNDA:0,(anonymous_0)
FNDA:0,(anonymous_1)
DA:2,0
DA:3,0
DA:5,0
DA:8,0
DA:9,0
DA:10,0
DA:13,0
LF:7
LH:0
BRDA:14,0,0,0
BRDA:14,0,1,0
BRF:2
BRH:0
end_of_record
TN:
SF:dist/src/application/dto/PlaceOrderDTO.js
FN:5,(anonymous_0)
FN:7,(anonymous_1)
FN:16,(anonymous_2)
FNF:3
FNH:3
FNDA:3,(anonymous_0)
FNDA:3,(anonymous_1)
FNDA:3,(anonymous_2)
DA:2,3
DA:3,3
DA:5,3
DA:8,3
DA:9,3
DA:10,3
DA:11,3
DA:14,3
DA:17,3
DA:18,3
DA:21,3
LF:11
LH:11
BRDA:22,0,0,3
BRDA:22,0,1,3
BRF:2
BRH:2
end_of_record
TN:
SF:dist/src/application/dto/SimulateFreightDTO.js
FN:5,(anonymous_0)
FN:7,(anonymous_1)
FN:13,(anonymous_2)
FNF:3
FNH:2
FNDA:1,(anonymous_0)
FNDA:1,(anonymous_1)
FNDA:0,(anonymous_2)
DA:2,1
DA:3,1
DA:5,1
DA:8,1
DA:11,1
DA:16,1
LF:6
LH:6
BRDA:17,0,0,1
BRDA:17,0,1,1
BRF:2
BRH:2
end_of_record
TN:
SF:dist/src/application/dto/ValidateCouponDTO.js
FN:5,(anonymous_0)
FN:7,(anonymous_1)
FNF:2
FNH:0
FNDA:0,(anonymous_0)
FNDA:0,(anonymous_1)
DA:2,0
DA:3,0
DA:5,0
DA:8,0
DA:9,0
DA:12,0
LF:6
LH:0
BRDA:13,0,0,0
BRDA:13,0,1,0
BRF:2
BRH:0
end_of_record
TN:
SF:dist/src/application/query/GetOrder.js
FN:2,(anonymous_0)
FN:3,adopt
FN:3,(anonymous_2)
FN:4,(anonymous_3)
FN:5,fulfilled
FN:6,rejected
FN:7,step
FN:14,(anonymous_7)
FN:17,(anonymous_8)
FN:18,(anonymous_9)
FNF:10
FNH:8
FNDA:1,(anonymous_0)
FNDA:2,adopt
FNDA:0,(anonymous_2)
FNDA:1,(anonymous_3)
FNDA:2,fulfilled
FNDA:0,rejected
FNDA:3,step
FNDA:1,(anonymous_7)
FNDA:1,(anonymous_8)
FNDA:1,(anonymous_9)
DA:2,1
DA:3,2
DA:4,1
DA:5,2
DA:6,0
DA:7,3
DA:8,1
DA:11,1
DA:12,1
DA:15,1
DA:18,1
DA:19,1
DA:20,1
DA:21,1
DA:28,1
DA:32,1
LF:16
LH:15
BRDA:2,0,0,1
BRDA:2,0,1,1
BRDA:2,0,2,1
BRDA:3,1,0,2
BRDA:3,1,1,0
BRDA:4,2,0,1
BRDA:4,2,1,1
BRDA:7,3,0,1
BRDA:7,3,1,2
BRDA:8,4,0,1
BRDA:8,4,1,1
BRF:11
BRH:10
end_of_record
TN:
SF:dist/src/application/query/GetOrders.js
FN:2,(anonymous_0)
FN:3,adopt
FN:3,(anonymous_2)
FN:4,(anonymous_3)
FN:5,fulfilled
FN:6,rejected
FN:7,step
FN:14,(anonymous_7)
FN:17,(anonymous_8)
FN:18,(anonymous_9)
FNF:10
FNH:8
FNDA:1,(anonymous_0)
FNDA:40,adopt
FNDA:0,(anonymous_2)
FNDA:1,(anonymous_3)
FNDA:40,fulfilled
FNDA:0,rejected
FNDA:41,step
FNDA:1,(anonymous_7)
FNDA:1,(anonymous_8)
FNDA:1,(anonymous_9)
DA:2,1
DA:3,40
DA:4,1
DA:5,40
DA:6,0
DA:7,41
DA:8,1
DA:11,1
DA:12,1
DA:15,1
DA:18,1
DA:19,1
DA:20,1
DA:21,1
DA:22,39
DA:23,39
DA:30,39
DA:32,1
DA:36,1
LF:19
LH:18
BRDA:2,0,0,1
BRDA:2,0,1,1
BRDA:2,0,2,1
BRDA:3,1,0,40
BRDA:3,1,1,0
BRDA:4,2,0,1
BRDA:4,2,1,1
BRDA:7,3,0,1
BRDA:7,3,1,40
BRDA:8,4,0,1
BRDA:8,4,1,1
BRF:11
BRH:10
end_of_record
TN:
SF:dist/src/application/query/IOrderDAO.js
FNF:0
FNH:0
DA:2,0
LF:1
LH:0
BRF:0
BRH:0
end_of_record
TN:
SF:dist/src/application/usecase/PlaceOrder.js
FN:2,(anonymous_0)
FN:3,adopt
FN:3,(anonymous_2)
FN:4,(anonymous_3)
FN:5,fulfilled
FN:6,rejected
FN:7,step
FN:11,(anonymous_7)
FN:19,(anonymous_8)
FN:24,(anonymous_9)
FN:25,(anonymous_10)
FNF:11
FNH:9
FNDA:3,(anonymous_0)
FNDA:18,adopt
FNDA:0,(anonymous_2)
FNDA:3,(anonymous_3)
FNDA:18,fulfilled
FNDA:0,rejected
FNDA:21,step
FNDA:6,(anonymous_7)
FNDA:3,(anonymous_8)
FNDA:3,(anonymous_9)
FNDA:3,(anonymous_10)
DA:2,3
DA:3,18
DA:4,3
DA:5,18
DA:6,0
DA:7,21
DA:8,3
DA:11,3
DA:12,6
DA:14,3
DA:15,3
DA:16,3
DA:17,3
DA:20,3
DA:21,3
DA:22,3
DA:25,3
DA:26,3
DA:27,3
DA:28,3
DA:29,3
DA:30,9
DA:31,9
DA:32,9
DA:34,3
DA:35,3
DA:36,3
DA:37,3
DA:39,3
DA:40,3
DA:41,3
DA:42,3
DA:46,3
LF:33
LH:32
BRDA:2,0,0,3
BRDA:2,0,1,3
BRDA:2,0,2,3
BRDA:3,1,0,18
BRDA:3,1,1,0
BRDA:4,2,0,3
BRDA:4,2,1,3
BRDA:7,3,0,3
BRDA:7,3,1,18
BRDA:8,4,0,3
BRDA:8,4,1,3
BRDA:11,5,0,3
BRDA:11,5,1,3
BRDA:11,5,2,3
BRDA:12,6,0,6
BRDA:12,6,1,0
BRDA:12,7,0,6
BRDA:12,7,1,6
BRDA:35,8,0,3
BRDA:35,8,1,0
BRF:20
BRH:17
end_of_record
TN:
SF:dist/src/application/usecase/SimulateFreight.js
FN:2,(anonymous_0)
FN:3,adopt
FN:3,(anonymous_2)
FN:4,(anonymous_3)
FN:5,fulfilled
FN:6,rejected
FN:7,step
FN:11,(anonymous_7)
FN:17,(anonymous_8)
FN:21,(anonymous_9)
FN:22,(anonymous_10)
FNF:11
FNH:9
FNDA:1,(anonymous_0)
FNDA:3,adopt
FNDA:0,(anonymous_2)
FNDA:1,(anonymous_3)
FNDA:3,fulfilled
FNDA:0,rejected
FNDA:4,step
FNDA:1,(anonymous_7)
FNDA:1,(anonymous_8)
FNDA:1,(anonymous_9)
FNDA:1,(anonymous_10)
DA:2,1
DA:3,3
DA:4,1
DA:5,3
DA:6,0
DA:7,4
DA:8,1
DA:11,1
DA:12,1
DA:14,1
DA:15,1
DA:18,1
DA:19,1
DA:22,1
DA:23,1
DA:24,1
DA:25,3
DA:26,3
DA:28,1
DA:32,1
LF:20
LH:19
BRDA:2,0,0,1
BRDA:2,0,1,1
BRDA:2,0,2,1
BRDA:3,1,0,3
BRDA:3,1,1,0
BRDA:4,2,0,1
BRDA:4,2,1,1
BRDA:7,3,0,1
BRDA:7,3,1,3
BRDA:8,4,0,1
BRDA:8,4,1,1
BRDA:11,5,0,1
BRDA:11,5,1,1
BRDA:11,5,2,1
BRDA:12,6,0,1
BRDA:12,6,1,0
BRDA:12,7,0,1
BRDA:12,7,1,1
BRF:18
BRH:16
end_of_record
TN:
SF:dist/src/application/usecase/ValidateCoupon.js
FN:2,(anonymous_0)
FN:3,adopt
FN:3,(anonymous_2)
FN:4,(anonymous_3)
FN:5,fulfilled
FN:6,rejected
FN:7,step
FN:13,(anonymous_7)
FN:16,(anonymous_8)
FN:17,(anonymous_9)
FNF:10
FNH:8
FNDA:1,(anonymous_0)
FNDA:1,adopt
FNDA:0,(anonymous_2)
FNDA:1,(anonymous_3)
FNDA:1,fulfilled
FNDA:0,rejected
FNDA:2,step
FNDA:1,(anonymous_7)
FNDA:1,(anonymous_8)
FNDA:1,(anonymous_9)
DA:2,1
DA:3,1
DA:4,1
DA:5,1
DA:6,0
DA:7,2
DA:8,1
DA:11,1
DA:14,1
DA:17,1
DA:18,1
DA:19,1
DA:20,1
DA:24,1
LF:14
LH:13
BRDA:2,0,0,1
BRDA:2,0,1,1
BRDA:2,0,2,1
BRDA:3,1,0,1
BRDA:3,1,1,0
BRDA:4,2,0,1
BRDA:4,2,1,1
BRDA:7,3,0,1
BRDA:7,3,1,1
BRDA:8,4,0,1
BRDA:8,4,1,1
BRF:11
BRH:10
end_of_record
TN:
SF:dist/src/domain/entity/Coupon.js
FN:4,(anonymous_0)
FN:9,(anonymous_1)
FN:14,(anonymous_2)
FNF:3
FNH:3
FNDA:8,(anonymous_0)
FNDA:8,(anonymous_1)
FNDA:1,(anonymous_2)
DA:2,7
DA:5,8
DA:6,8
DA:7,8
DA:10,8
DA:11,2
DA:12,6
DA:15,1
DA:18,7
LF:9
LH:9
BRDA:9,0,0,4
BRDA:10,1,0,2
BRDA:10,1,1,6
BRDA:14,2,0,0
BRF:4
BRH:3
end_of_record
TN:
SF:dist/src/domain/entity/Cpf.js
FN:4,(anonymous_0)
FN:12,(anonymous_1)
FN:26,(anonymous_2)
FN:29,(anonymous_3)
FN:31,(anonymous_4)
FN:33,(anonymous_5)
FN:42,(anonymous_6)
FNF:7
FNH:7
FNDA:10,(anonymous_0)
FNDA:10,(anonymous_1)
FNDA:10,(anonymous_2)
FNDA:10,(anonymous_3)
FNDA:45,(anonymous_4)
FNDA:18,(anonymous_5)
FNDA:9,(anonymous_6)
DA:2,5
DA:5,10
DA:6,10
DA:7,10
DA:8,10
DA:9,1
DA:10,9
DA:13,10
DA:14,0
DA:15,10
DA:16,10
DA:17,0
DA:18,10
DA:19,1
DA:20,9
DA:21,9
DA:22,9
DA:23,9
DA:24,9
DA:27,10
DA:30,10
DA:31,45
DA:34,18
DA:35,18
DA:36,198
DA:37,171
DA:39,18
DA:40,18
DA:43,9
DA:46,5
LF:30
LH:28
BRDA:8,0,0,1
BRDA:8,0,1,9
BRDA:13,1,0,0
BRDA:13,1,1,10
BRDA:16,2,0,0
BRDA:16,2,1,10
BRDA:18,3,0,1
BRDA:18,3,1,9
BRDA:36,4,0,171
BRDA:36,4,1,27
BRDA:40,5,0,9
BRDA:40,5,1,9
BRF:12
BRH:10
end_of_record
TN:
SF:dist/src/domain/entity/Item.js
FN:4,(anonymous_0)
FN:14,(anonymous_1)
FN:17,(anonymous_2)
FN:20,(anonymous_3)
FNF:4
FNH:4
FNDA:38,(anonymous_0)
FNDA:21,(anonymous_1)
FNDA:15,(anonymous_2)
FNDA:2,(anonymous_3)
DA:2,6
DA:5,38
DA:6,38
DA:7,38
DA:8,38
DA:9,38
DA:10,38
DA:11,38
DA:12,38
DA:15,21
DA:18,15
DA:21,2
DA:22,2
DA:25,6
LF:14
LH:14
BRDA:4,0,0,27
BRDA:4,1,0,27
BRDA:4,2,0,27
BRDA:4,3,0,28
BRDA:18,4,0,6
BRDA:18,4,1,9
BRDA:22,5,0,1
BRDA:22,5,1,1
BRF:8
BRH:8
end_of_record
TN:
SF:dist/src/domain/entity/Order.js
FN:2,(anonymous_0)
FN:10,(anonymous_1)
FN:18,(anonymous_2)
FN:21,(anonymous_3)
FN:26,(anonymous_4)
FN:27,(anonymous_5)
FN:28,(anonymous_6)
FN:29,(anonymous_7)
FN:30,(anonymous_8)
FN:31,(anonymous_9)
FN:32,(anonymous_10)
FN:33,(anonymous_11)
FN:34,(anonymous_12)
FNF:13
FNH:9
FNDA:12,(anonymous_0)
FNDA:8,(anonymous_1)
FNDA:21,(anonymous_2)
FNDA:4,(anonymous_3)
FNDA:0,(anonymous_4)
FNDA:3,(anonymous_5)
FNDA:0,(anonymous_6)
FNDA:0,(anonymous_7)
FNDA:0,(anonymous_8)
FNDA:3,(anonymous_9)
FNDA:1,(anonymous_10)
FNDA:5,(anonymous_11)
FNDA:15,(anonymous_12)
DA:2,4
DA:3,12
DA:5,4
DA:6,4
DA:7,4
DA:8,4
DA:11,8
DA:12,8
DA:13,8
DA:14,8
DA:15,8
DA:16,8
DA:19,21
DA:22,4
DA:23,0
DA:24,4
DA:26,0
DA:27,3
DA:28,0
DA:29,0
DA:30,0
DA:31,3
DA:32,1
DA:34,5
DA:35,15
DA:36,15
DA:38,5
DA:39,4
DA:41,5
DA:44,4
LF:30
LH:25
BRDA:2,0,0,4
BRDA:2,0,1,4
BRDA:2,0,2,4
BRDA:3,1,0,12
BRDA:3,1,1,0
BRDA:3,2,0,12
BRDA:3,2,1,12
BRDA:10,3,0,0
BRDA:10,4,0,0
BRDA:22,5,0,0
BRDA:22,5,1,4
BRDA:29,6,0,0
BRDA:29,6,1,0
BRDA:29,7,0,0
BRDA:29,7,1,0
BRDA:38,8,0,4
BRDA:38,8,1,1
BRF:17
BRH:9
end_of_record
TN:
SF:dist/src/domain/entity/OrderCode.js
FN:4,(anonymous_0)
FNF:1
FNH:1
FNDA:9,(anonymous_0)
DA:2,5
DA:5,9
DA:6,0
DA:7,9
DA:8,9
DA:9,9
DA:12,5
LF:7
LH:6
BRDA:5,0,0,0
BRDA:5,0,1,9
BRDA:5,1,0,9
BRDA:5,1,1,9
BRF:4
BRH:3
end_of_record
TN:
SF:dist/src/domain/entity/OrderItem.js
FN:4,(anonymous_0)
FN:9,(anonymous_1)
FNF:2
FNH:2
FNDA:22,(anonymous_0)
FNDA:16,(anonymous_1)
DA:2,5
DA:5,22
DA:6,22
DA:7,22
DA:10,16
DA:13,5
LF:6
LH:6
BRF:0
BRH:0
end_of_record
TN:
SF:dist/src/domain/entity/Produto.js
FN:4,(anonymous_0)
FNF:1
FNH:0
FNDA:0,(anonymous_0)
DA:2,0
DA:6,0
LF:2
LH:0
BRF:0
BRH:0
end_of_record
TN:
SF:dist/src/domain/factory/AbstractRepositoryFactory.js
FNF:0
FNH:0
DA:2,0
LF:1
LH:0
BRF:0
BRH:0
end_of_record
TN:
SF:dist/src/domain/repository/ICouponRepository.js
FNF:0
FNH:0
DA:2,0
LF:1
LH:0
BRF:0
BRH:0
end_of_record
TN:
SF:dist/src/domain/repository/IItemRepository.js
FNF:0
FNH:0
DA:2,0
LF:1
LH:0
BRF:0
BRH:0
end_of_record
TN:
SF:dist/src/domain/repository/IOrderRepository.js
FNF:0
FNH:0
DA:2,0
LF:1
LH:0
BRF:0
BRH:0
end_of_record
TN:
SF:dist/src/domain/service/FreightCalculator.js
FN:4,(anonymous_0)
FNF:1
FNH:1
FNDA:12,(anonymous_0)
DA:2,4
DA:5,12
DA:6,12
DA:9,4
LF:4
LH:4
BRDA:6,0,0,9
BRDA:6,0,1,3
BRF:2
BRH:2
end_of_record
